    Finished release [optimized] target(s) in 0.05s
     Running `target/release/gst-dynamic-sink`
0:00:00.000055000 94994    0x146f0a400 INFO                GST_INIT gst.c:576:init_pre: Initializing GStreamer Core Library version 1.22.5
0:00:00.000068000 94994    0x146f0a400 INFO                GST_INIT gst.c:577:init_pre: Using library installed in /Library/Frameworks/GStreamer.framework/Versions/1.0/lib
0:00:00.000083000 94994    0x146f0a400 INFO                GST_INIT gst.c:597:init_pre: Darwin dan-mbp.localdomain 22.6.0 Darwin Kernel Version 22.6.0: Fri Sep 15 13:41:28 PDT 2023; root:xnu-8796.141.3.700.8~1/RELEASE_ARM64_T6020 arm64
0:00:00.000190000 94994    0x146f0a400 INFO                GST_INIT gstmessage.c:129:_priv_gst_message_initialize: init messages
0:00:00.000356000 94994    0x146f0a400 INFO                GST_INIT gstcontext.c:86:_priv_gst_context_initialize: init contexts
0:00:00.000438000 94994    0x146f0a400 INFO      GST_PLUGIN_LOADING gstplugin.c:324:_priv_gst_plugin_initialize: registering 0 static plugins
0:00:00.000473000 94994    0x146f0a400 INFO      GST_PLUGIN_LOADING gstplugin.c:232:gst_plugin_register_static: registered static plugin "staticelements"
0:00:00.000477000 94994    0x146f0a400 INFO      GST_PLUGIN_LOADING gstplugin.c:234:gst_plugin_register_static: added static plugin "staticelements", result: 1
0:00:00.000576000 94994    0x146f0a400 INFO            GST_REGISTRY gstregistry.c:1836:ensure_current_registry: reading registry cache: /Users/dan/.cache/gstreamer-1.0/registry.arm64.bin
0:00:00.007829000 94994    0x146f0a400 INFO            GST_REGISTRY gstregistrybinary.c:683:priv_gst_registry_binary_read_cache: loaded /Users/dan/.cache/gstreamer-1.0/registry.arm64.bin in 0.007238 seconds
0:00:00.007841000 94994    0x146f0a400 INFO            GST_REGISTRY gstregistry.c:1703:scan_and_update_registry: Validating plugins from registry cache: /Users/dan/.cache/gstreamer-1.0/registry.arm64.bin
0:00:00.012209000 94994    0x146f0a400 INFO            GST_REGISTRY gstregistry.c:1795:scan_and_update_registry: Registry cache has not changed
0:00:00.012213000 94994    0x146f0a400 INFO            GST_REGISTRY gstregistry.c:1871:ensure_current_registry: registry reading and updating done
0:00:00.012218000 94994    0x146f0a400 INFO                GST_INIT gst.c:806:init_post: GLib runtime version: 2.74.4
0:00:00.012220000 94994    0x146f0a400 INFO                GST_INIT gst.c:808:init_post: GLib headers version: 2.74.4
0:00:00.012222000 94994    0x146f0a400 INFO                GST_INIT gst.c:809:init_post: initialized GStreamer successfully
0:00:00.013087000 94994    0x146f0a400 INFO      GST_PLUGIN_LOADING gstplugin.c:987:_priv_gst_plugin_load_file_for_registry: plugin "/Library/Frameworks/GStreamer.framework/Versions/1.0/lib/gstreamer-1.0/libgstvideotestsrc.dylib" loaded
0:00:00.013203000 94994    0x146f0a400 INFO        GST_ELEMENT_PADS gstelement.c:759:gst_element_add_pad:<GstBaseSrc@0x147978150> adding pad 'src'
0:00:00.015546000 94994    0x146f0a400 INFO      GST_PLUGIN_LOADING gstplugin.c:987:_priv_gst_plugin_load_file_for_registry: plugin "/Library/Frameworks/GStreamer.framework/Versions/1.0/lib/gstreamer-1.0/libgstplayback.dylib" loaded
0:00:00.016544000 94994    0x146f0a400 INFO      GST_PLUGIN_LOADING gstplugin.c:987:_priv_gst_plugin_load_file_for_registry: plugin "/Library/Frameworks/GStreamer.framework/Versions/1.0/lib/gstreamer-1.0/libgstcoreelements.dylib" loaded
0:00:00.016559000 94994    0x146f0a400 INFO     GST_ELEMENT_FACTORY gstelementfactory.c:489:gst_element_factory_create_with_properties: creating element "typefind"
0:00:00.016566000 94994    0x146f0a400 INFO        GST_ELEMENT_PADS gstelement.c:759:gst_element_add_pad:<GstTypeFindElement@0x14797e0c0> adding pad 'sink'
0:00:00.016572000 94994    0x146f0a400 INFO        GST_ELEMENT_PADS gstelement.c:759:gst_element_add_pad:<GstTypeFindElement@0x14797e0c0> adding pad 'src'
0:00:00.016593000 94994    0x146f0a400 INFO        GST_ELEMENT_PADS gstelement.c:1017:gst_element_get_static_pad: found pad typefind:sink
0:00:00.016609000 94994    0x146f0a400 INFO                GST_PADS gstpad.c:2388:gst_pad_link_prepare: trying to link sink:proxypad0 and typefind:sink
0:00:00.016613000 94994    0x146f0a400 INFO                GST_PADS gstpad.c:2596:gst_pad_link_full: linked sink:proxypad0 and typefind:sink, successful
0:00:00.016615000 94994    0x146f0a400 INFO               GST_EVENT gstevent.c:1687:gst_event_new_reconfigure: creating reconfigure event
0:00:00.016626000 94994    0x146f0a400 INFO        GST_ELEMENT_PADS gstelement.c:759:gst_element_add_pad:<GstDecodeBin@0x14797c0c0> adding pad 'sink'
0:00:00.017321000 94994    0x146f0a400 INFO      GST_PLUGIN_LOADING gstplugin.c:987:_priv_gst_plugin_load_file_for_registry: plugin "/Library/Frameworks/GStreamer.framework/Versions/1.0/lib/gstreamer-1.0/libgstvideoconvertscale.dylib" loaded
0:00:00.017397000 94994    0x146f0a400 INFO        GST_ELEMENT_PADS gstelement.c:759:gst_element_add_pad:<GstBaseTransform@0x14798c170> adding pad 'sink'
0:00:00.017401000 94994    0x146f0a400 INFO        GST_ELEMENT_PADS gstelement.c:759:gst_element_add_pad:<GstBaseTransform@0x14798c170> adding pad 'src'
0:00:00.017429000 94994    0x146f0a400 INFO        GST_ELEMENT_PADS gstelement.c:759:gst_element_add_pad:<GstBaseTransform@0x147994130> adding pad 'sink'
0:00:00.017433000 94994    0x146f0a400 INFO        GST_ELEMENT_PADS gstelement.c:759:gst_element_add_pad:<GstBaseTransform@0x147994130> adding pad 'src'
0:00:00.017437000 94994    0x146f0a400 INFO               GST_EVENT gstevent.c:1687:gst_event_new_reconfigure: creating reconfigure event
0:00:00.017472000 94994    0x146f0a400 INFO        GST_ELEMENT_PADS gstelement.c:759:gst_element_add_pad:<GstBaseTransform@0x1479983d0> adding pad 'sink'
0:00:00.017476000 94994    0x146f0a400 INFO        GST_ELEMENT_PADS gstelement.c:759:gst_element_add_pad:<GstBaseTransform@0x1479983d0> adding pad 'src'
0:00:00.017498000 94994    0x146f0a400 INFO        GST_ELEMENT_PADS gstelement.c:759:gst_element_add_pad:<GstTee@0x147996000> adding pad 'sink'
0:00:00.017513000 94994    0x146f0a400 INFO        GST_ELEMENT_PADS gstutils.c:1821:gst_element_link_pads_full: trying to link element source:(any) to element capture-decode:(any)
0:00:00.017516000 94994    0x146f0a400 INFO                GST_PADS gstutils.c:1081:gst_pad_check_link: trying to link source:src and capture-decode:sink
0:00:00.017527000 94994    0x146f0a400 INFO                GST_PADS gstutils.c:1635:prepare_link_maybe_ghosting: source and capture-decode in same bin, no need for ghost pads
0:00:00.017535000 94994    0x146f0a400 INFO                GST_PADS gstpad.c:2388:gst_pad_link_prepare: trying to link source:src and capture-decode:sink
0:00:00.017539000 94994    0x146f0a400 INFO                GST_PADS gstpad.c:2596:gst_pad_link_full: linked source:src and capture-decode:sink, successful
0:00:00.017540000 94994    0x146f0a400 INFO               GST_EVENT gstevent.c:1687:gst_event_new_reconfigure: creating reconfigure event
0:00:00.017543000 94994    0x146f0a400 INFO               GST_EVENT gstpad.c:5986:gst_pad_send_event_unchecked:<source:src> Received event on flushing pad. Discarding
0:00:00.017566000 94994    0x146f0a400 INFO        GST_ELEMENT_PADS gstutils.c:1821:gst_element_link_pads_full: trying to link element videoconvert0:(any) to element capsfilter0:(any)
0:00:00.017570000 94994    0x146f0a400 INFO                GST_PADS gstutils.c:1081:gst_pad_check_link: trying to link videoconvert0:src and capsfilter0:sink
0:00:00.017575000 94994    0x146f0a400 INFO                GST_PADS gstpad.c:4367:gst_pad_peer_query:<videoconvert0:sink> pad has no peer
0:00:00.017654000 94994    0x146f0a400 INFO                GST_PADS gstpad.c:4367:gst_pad_peer_query:<capsfilter0:src> pad has no peer
0:00:00.017665000 94994    0x146f0a400 INFO                GST_PADS gstutils.c:1635:prepare_link_maybe_ghosting: videoconvert0 and capsfilter0 in same bin, no need for ghost pads
0:00:00.017668000 94994    0x146f0a400 INFO                GST_PADS gstpad.c:2388:gst_pad_link_prepare: trying to link videoconvert0:src and capsfilter0:sink
0:00:00.017671000 94994    0x146f0a400 INFO                GST_PADS gstpad.c:4367:gst_pad_peer_query:<videoconvert0:sink> pad has no peer
0:00:00.017741000 94994    0x146f0a400 INFO                GST_PADS gstpad.c:4367:gst_pad_peer_query:<capsfilter0:src> pad has no peer
0:00:00.017751000 94994    0x146f0a400 INFO                GST_PADS gstpad.c:2596:gst_pad_link_full: linked videoconvert0:src and capsfilter0:sink, successful
0:00:00.017753000 94994    0x146f0a400 INFO               GST_EVENT gstevent.c:1687:gst_event_new_reconfigure: creating reconfigure event
0:00:00.017755000 94994    0x146f0a400 INFO               GST_EVENT gstpad.c:5986:gst_pad_send_event_unchecked:<videoconvert0:src> Received event on flushing pad. Discarding
0:00:00.017759000 94994    0x146f0a400 INFO        GST_ELEMENT_PADS gstutils.c:1821:gst_element_link_pads_full: trying to link element capsfilter0:(any) to element identity0:(any)
0:00:00.017762000 94994    0x146f0a400 INFO                GST_PADS gstutils.c:1081:gst_pad_check_link: trying to link capsfilter0:src and identity0:sink
0:00:00.017765000 94994    0x146f0a400 INFO                GST_PADS gstpad.c:4367:gst_pad_peer_query:<videoconvert0:sink> pad has no peer
0:00:00.017842000 94994    0x146f0a400 INFO                GST_PADS gstpad.c:4367:gst_pad_peer_query:<identity0:src> pad has no peer
0:00:00.017845000 94994    0x146f0a400 INFO                GST_PADS gstutils.c:1635:prepare_link_maybe_ghosting: capsfilter0 and identity0 in same bin, no need for ghost pads
0:00:00.017848000 94994    0x146f0a400 INFO                GST_PADS gstpad.c:2388:gst_pad_link_prepare: trying to link capsfilter0:src and identity0:sink
0:00:00.017850000 94994    0x146f0a400 INFO                GST_PADS gstpad.c:4367:gst_pad_peer_query:<videoconvert0:sink> pad has no peer
0:00:00.017926000 94994    0x146f0a400 INFO                GST_PADS gstpad.c:4367:gst_pad_peer_query:<identity0:src> pad has no peer
0:00:00.017930000 94994    0x146f0a400 INFO                GST_PADS gstpad.c:2596:gst_pad_link_full: linked capsfilter0:src and identity0:sink, successful
0:00:00.017931000 94994    0x146f0a400 INFO               GST_EVENT gstevent.c:1687:gst_event_new_reconfigure: creating reconfigure event
0:00:00.017933000 94994    0x146f0a400 INFO               GST_EVENT gstpad.c:5986:gst_pad_send_event_unchecked:<capsfilter0:src> Received event on flushing pad. Discarding
0:00:00.017938000 94994    0x146f0a400 INFO        GST_ELEMENT_PADS gstutils.c:1821:gst_element_link_pads_full: trying to link element identity0:(any) to element raw-tee:(any)
0:00:00.017940000 94994    0x146f0a400 INFO                GST_PADS gstutils.c:1081:gst_pad_check_link: trying to link identity0:src and raw-tee:sink
0:00:00.017943000 94994    0x146f0a400 INFO                GST_PADS gstpad.c:4367:gst_pad_peer_query:<videoconvert0:sink> pad has no peer
0:00:00.018023000 94994    0x146f0a400 INFO                GST_PADS gstutils.c:1635:prepare_link_maybe_ghosting: identity0 and raw-tee in same bin, no need for ghost pads
0:00:00.018026000 94994    0x146f0a400 INFO                GST_PADS gstpad.c:2388:gst_pad_link_prepare: trying to link identity0:src and raw-tee:sink
0:00:00.018029000 94994    0x146f0a400 INFO                GST_PADS gstpad.c:4367:gst_pad_peer_query:<videoconvert0:sink> pad has no peer
0:00:00.018109000 94994    0x146f0a400 INFO                GST_PADS gstpad.c:2596:gst_pad_link_full: linked identity0:src and raw-tee:sink, successful
0:00:00.018111000 94994    0x146f0a400 INFO               GST_EVENT gstevent.c:1687:gst_event_new_reconfigure: creating reconfigure event
0:00:00.018113000 94994    0x146f0a400 INFO               GST_EVENT gstpad.c:5986:gst_pad_send_event_unchecked:<identity0:src> Received event on flushing pad. Discarding
0:00:00.018125000 94994    0x146f0a400 INFO              GST_STATES gstbin.c:2484:gst_bin_element_set_state:<raw-tee> current NULL pending VOID_PENDING, desired next READY
0:00:00.018129000 94994    0x146f0a400 INFO              GST_STATES gstelement.c:2817:gst_element_continue_state:<raw-tee> completed state change to READY
0:00:00.018132000 94994    0x146f0a400 INFO              GST_STATES gstelement.c:2720:_priv_gst_element_state_changed:<raw-tee> notifying about state-changed NULL to READY (VOID_PENDING pending)
0:00:00.018138000 94994    0x146f0a400 INFO              GST_STATES gstbin.c:2939:gst_bin_change_state_func:<pipeline0> child 'raw-tee' changed state to 2(READY) successfully
0:00:00.018141000 94994    0x146f0a400 INFO              GST_STATES gstbin.c:2484:gst_bin_element_set_state:<identity0> current NULL pending VOID_PENDING, desired next READY
0:00:00.018143000 94994    0x146f0a400 INFO              GST_STATES gstelement.c:2817:gst_element_continue_state:<identity0> completed state change to READY
0:00:00.018145000 94994    0x146f0a400 INFO              GST_STATES gstelement.c:2720:_priv_gst_element_state_changed:<identity0> notifying about state-changed NULL to READY (VOID_PENDING pending)
0:00:00.018147000 94994    0x146f0a400 INFO              GST_STATES gstbin.c:2939:gst_bin_change_state_func:<pipeline0> child 'identity0' changed state to 2(READY) successfully
0:00:00.018150000 94994    0x146f0a400 INFO              GST_STATES gstbin.c:2484:gst_bin_element_set_state:<capsfilter0> current NULL pending VOID_PENDING, desired next READY
0:00:00.018152000 94994    0x146f0a400 INFO              GST_STATES gstelement.c:2817:gst_element_continue_state:<capsfilter0> completed state change to READY
0:00:00.018153000 94994    0x146f0a400 INFO              GST_STATES gstelement.c:2720:_priv_gst_element_state_changed:<capsfilter0> notifying about state-changed NULL to READY (VOID_PENDING pending)
0:00:00.018157000 94994    0x146f0a400 INFO              GST_STATES gstbin.c:2939:gst_bin_change_state_func:<pipeline0> child 'capsfilter0' changed state to 2(READY) successfully
0:00:00.018159000 94994    0x146f0a400 INFO              GST_STATES gstbin.c:2484:gst_bin_element_set_state:<videoconvert0> current NULL pending VOID_PENDING, desired next READY
0:00:00.018161000 94994    0x146f0a400 INFO              GST_STATES gstelement.c:2817:gst_element_continue_state:<videoconvert0> completed state change to READY
0:00:00.018163000 94994    0x146f0a400 INFO              GST_STATES gstelement.c:2720:_priv_gst_element_state_changed:<videoconvert0> notifying about state-changed NULL to READY (VOID_PENDING pending)
0:00:00.018166000 94994    0x146f0a400 INFO              GST_STATES gstbin.c:2939:gst_bin_change_state_func:<pipeline0> child 'videoconvert0' changed state to 2(READY) successfully
0:00:00.018169000 94994    0x146f0a400 INFO              GST_STATES gstbin.c:2484:gst_bin_element_set_state:<capture-decode> current NULL pending VOID_PENDING, desired next READY
0:00:00.018173000 94994    0x146f0a400 INFO              GST_STATES gstbin.c:2484:gst_bin_element_set_state:<typefind> current NULL pending VOID_PENDING, desired next READY
0:00:00.018175000 94994    0x146f0a400 INFO              GST_STATES gstelement.c:2817:gst_element_continue_state:<typefind> completed state change to READY
0:00:00.018177000 94994    0x146f0a400 INFO              GST_STATES gstelement.c:2720:_priv_gst_element_state_changed:<typefind> notifying about state-changed NULL to READY (VOID_PENDING pending)
0:00:00.018179000 94994    0x146f0a400 INFO              GST_STATES gstbin.c:2939:gst_bin_change_state_func:<capture-decode> child 'typefind' changed state to 2(READY) successfully
0:00:00.018182000 94994    0x146f0a400 INFO              GST_STATES gstelement.c:2817:gst_element_continue_state:<capture-decode> completed state change to READY
0:00:00.018184000 94994    0x146f0a400 INFO              GST_STATES gstelement.c:2720:_priv_gst_element_state_changed:<capture-decode> notifying about state-changed NULL to READY (VOID_PENDING pending)
0:00:00.018186000 94994    0x146f0a400 INFO              GST_STATES gstbin.c:2939:gst_bin_change_state_func:<pipeline0> child 'capture-decode' changed state to 2(READY) successfully
0:00:00.018189000 94994    0x146f0a400 INFO              GST_STATES gstbin.c:2484:gst_bin_element_set_state:<source> current NULL pending VOID_PENDING, desired next READY
0:00:00.018191000 94994    0x146f0a400 INFO              GST_STATES gstelement.c:2817:gst_element_continue_state:<source> completed state change to READY
0:00:00.018193000 94994    0x146f0a400 INFO              GST_STATES gstelement.c:2720:_priv_gst_element_state_changed:<source> notifying about state-changed NULL to READY (VOID_PENDING pending)
0:00:00.018196000 94994    0x146f0a400 INFO              GST_STATES gstbin.c:2939:gst_bin_change_state_func:<pipeline0> child 'source' changed state to 2(READY) successfully
0:00:00.018200000 94994    0x146f0a400 INFO              GST_STATES gstelement.c:2792:gst_element_continue_state:<pipeline0> committing state from NULL to READY, pending PLAYING, next PAUSED
0:00:00.018202000 94994    0x146f0a400 INFO              GST_STATES gstelement.c:2720:_priv_gst_element_state_changed:<pipeline0> notifying about state-changed NULL to READY (PLAYING pending)
0:00:00.018205000 94994    0x146f0a400 INFO              GST_STATES gstelement.c:2799:gst_element_continue_state:<pipeline0> continue state change READY to PAUSED, final PLAYING
0:00:00.018209000 94994    0x146f0a400 INFO              GST_STATES gstbin.c:2484:gst_bin_element_set_state:<raw-tee> current READY pending VOID_PENDING, desired next PAUSED
0:00:00.018212000 94994    0x146f0a400 INFO              GST_STATES gstelement.c:2817:gst_element_continue_state:<raw-tee> completed state change to PAUSED
0:00:00.018214000 94994    0x146f0a400 INFO              GST_STATES gstelement.c:2720:_priv_gst_element_state_changed:<raw-tee> notifying about state-changed READY to PAUSED (VOID_PENDING pending)
0:00:00.018216000 94994    0x146f0a400 INFO              GST_STATES gstbin.c:2939:gst_bin_change_state_func:<pipeline0> child 'raw-tee' changed state to 3(PAUSED) successfully
0:00:00.018220000 94994    0x146f0a400 INFO              GST_STATES gstbin.c:2484:gst_bin_element_set_state:<identity0> current READY pending VOID_PENDING, desired next PAUSED
0:00:00.018222000 94994    0x146f0a400 INFO              GST_STATES gstelement.c:2817:gst_element_continue_state:<identity0> completed state change to PAUSED
0:00:00.018224000 94994    0x146f0a400 INFO              GST_STATES gstelement.c:2720:_priv_gst_element_state_changed:<identity0> notifying about state-changed READY to PAUSED (VOID_PENDING pending)
0:00:00.018227000 94994    0x146f0a400 INFO              GST_STATES gstbin.c:2939:gst_bin_change_state_func:<pipeline0> child 'identity0' changed state to 3(PAUSED) successfully
0:00:00.018229000 94994    0x146f0a400 INFO              GST_STATES gstbin.c:2484:gst_bin_element_set_state:<capsfilter0> current READY pending VOID_PENDING, desired next PAUSED
0:00:00.018231000 94994    0x146f0a400 INFO              GST_STATES gstelement.c:2817:gst_element_continue_state:<capsfilter0> completed state change to PAUSED
0:00:00.018233000 94994    0x146f0a400 INFO              GST_STATES gstelement.c:2720:_priv_gst_element_state_changed:<capsfilter0> notifying about state-changed READY to PAUSED (VOID_PENDING pending)
0:00:00.018236000 94994    0x146f0a400 INFO              GST_STATES gstbin.c:2939:gst_bin_change_state_func:<pipeline0> child 'capsfilter0' changed state to 3(PAUSED) successfully
0:00:00.018238000 94994    0x146f0a400 INFO              GST_STATES gstbin.c:2484:gst_bin_element_set_state:<videoconvert0> current READY pending VOID_PENDING, desired next PAUSED
0:00:00.018241000 94994    0x146f0a400 INFO              GST_STATES gstelement.c:2817:gst_element_continue_state:<videoconvert0> completed state change to PAUSED
0:00:00.018243000 94994    0x146f0a400 INFO              GST_STATES gstelement.c:2720:_priv_gst_element_state_changed:<videoconvert0> notifying about state-changed READY to PAUSED (VOID_PENDING pending)
0:00:00.018246000 94994    0x146f0a400 INFO              GST_STATES gstbin.c:2939:gst_bin_change_state_func:<pipeline0> child 'videoconvert0' changed state to 3(PAUSED) successfully
0:00:00.018249000 94994    0x146f0a400 INFO              GST_STATES gstbin.c:2484:gst_bin_element_set_state:<capture-decode> current READY pending VOID_PENDING, desired next PAUSED
0:00:00.018254000 94994    0x146f0a400 INFO              GST_STATES gstbin.c:2484:gst_bin_element_set_state:<typefind> current READY pending VOID_PENDING, desired next PAUSED
0:00:00.018262000 94994    0x146f0a400 INFO              GST_STATES gstelement.c:2817:gst_element_continue_state:<typefind> completed state change to PAUSED
0:00:00.018264000 94994    0x146f0a400 INFO              GST_STATES gstelement.c:2720:_priv_gst_element_state_changed:<typefind> notifying about state-changed READY to PAUSED (VOID_PENDING pending)
0:00:00.018267000 94994    0x146f0a400 INFO              GST_STATES gstbin.c:2939:gst_bin_change_state_func:<capture-decode> child 'typefind' changed state to 3(PAUSED) successfully
0:00:00.018271000 94994    0x146f0a400 INFO              GST_STATES gstbin.c:2945:gst_bin_change_state_func:<pipeline0> child 'capture-decode' is changing state asynchronously to PAUSED
0:00:00.018273000 94994    0x146f0a400 INFO              GST_STATES gstbin.c:2484:gst_bin_element_set_state:<source> current READY pending VOID_PENDING, desired next PAUSED
0:00:00.018283000 94994    0x146f0a400 INFO                 basesrc gstbasesrc.c:1435:gst_base_src_do_seek:<source> seeking: time segment start=0:00:00.000000000, offset=0:00:00.000000000, stop=99:99:99.999999999, rate=1.000000, applied_rate=1.000000, flags=0x00, time=0:00:00.000000000, base=0:00:00.000000000, position 0:00:00.000000000, duration 99:99:99.999999999
0:00:00.018305000 94994    0x146f0a400 INFO                    task gsttask.c:516:gst_task_set_lock: setting stream lock 0x1479720c0 on task 0x147970170
0:00:00.018307000 94994    0x146f0a400 INFO                GST_PADS gstpad.c:6331:gst_pad_start_task:<source:src> created task 0x147970170
0:00:00.018345000 94994    0x146f0a400 INFO              GST_STATES gstelement.c:2817:gst_element_continue_state:<source> completed state change to PAUSED
0:00:00.018359000 94994    0x146f0a400 INFO              GST_STATES gstelement.c:2720:_priv_gst_element_state_changed:<source> notifying about state-changed READY to PAUSED (VOID_PENDING pending)
0:00:00.018362000 94994    0x14700e980 INFO        GST_ELEMENT_PADS gstelement.c:1014:gst_element_get_static_pad: no such pad 'sink' in element "source"
0:00:00.018368000 94994    0x14700e980 FIXME                default gstutils.c:4037:gst_pad_create_stream_id_internal:<source:src> Creating random stream-id, consider implementing a deterministic way of creating a stream-id
0:00:00.018368000 94994    0x146f0a400 INFO              GST_STATES gstbin.c:2939:gst_bin_change_state_func:<pipeline0> child 'source' changed state to 3(PAUSED) successfully
0:00:00.018378000 94994    0x146f0a400 INFO                pipeline gstpipeline.c:534:gst_pipeline_change_state:<pipeline0> pipeline is not live
0:00:00.018446000 94994    0x14700e980 INFO               GST_EVENT gstevent.c:918:gst_event_new_caps: creating caps event video/x-raw, format=(string)ABGR64_LE, width=(int)320, height=(int)240, framerate=(fraction)30/1, multiview-mode=(string)mono, pixel-aspect-ratio=(fraction)1/1, interlace-mode=(string)progressive
0:00:00.018454000 94994    0x146fcfa90 INFO        GST_ELEMENT_PADS gstelement.c:1017:gst_element_get_static_pad: found pad source:src
0:00:00.018465000 94994    0x146fcfa90 INFO              GST_STATES gstbin.c:2070:gst_bin_get_state_func:<pipeline0> getting state
0:00:00.018468000 94994    0x146fcfa90 INFO              GST_STATES gstelement.c:2533:gst_element_get_state_func:<pipeline0> waiting for element to commit state
0:00:00.018470000 94994    0x146fcfa90 INFO              GST_STATES gstelement.c:2547:gst_element_get_state_func:<pipeline0> timed out
0:00:00.018483000 94994    0x14700e980 INFO               GST_EVENT gstevent.c:918:gst_event_new_caps: creating caps event video/x-raw, format=(string)ABGR64_LE, width=(int)320, height=(int)240, framerate=(fraction)30/1, multiview-mode=(string)mono, pixel-aspect-ratio=(fraction)1/1, interlace-mode=(string)progressive
0:00:00.018488000 94994    0x14700e980 INFO        GST_ELEMENT_PADS gstelement.c:1017:gst_element_get_static_pad: found pad typefind:src
0:00:00.018490000 94994    0x14700e980 INFO        GST_ELEMENT_PADS gstelement.c:1017:gst_element_get_static_pad: found pad typefind:sink
2023-11-15T19:31:12.758251Z DEBUG gst_dynamic_sink: handling request request=Snapshot { resp: Sender { inner: Some(Inner { state: State { is_complete: false, is_closed: false, is_rx_task_set: true, is_tx_task_set: false } }) } }
0:00:00.018508000 94994    0x14700e980 INFO                GST_PADS gstpad.c:2388:gst_pad_link_prepare: trying to link typefind:src and decodepad0:proxypad1
0:00:00.018510000 94994    0x146fcfa90 INFO     GST_ELEMENT_FACTORY gstelementfactory.c:489:gst_element_factory_create_with_properties: creating element "bin"
0:00:00.018511000 94994    0x14700e980 INFO                GST_PADS gstpad.c:2596:gst_pad_link_full: linked typefind:src and decodepad0:proxypad1, successful
0:00:00.018518000 94994    0x14700e980 INFO               GST_EVENT gstevent.c:1687:gst_event_new_reconfigure: creating reconfigure event
0:00:00.018549000 94994    0x14700e980 INFO        GST_ELEMENT_PADS gstelement.c:759:gst_element_add_pad:<capture-decode> adding pad 'src_0'
0:00:00.018553000 94994    0x14700e980 INFO        GST_ELEMENT_PADS gstutils.c:1821:gst_element_link_pads_full: trying to link element capture-decode:(any) to element videoconvert0:(any)
0:00:00.018556000 94994    0x14700e980 INFO                GST_PADS gstutils.c:1081:gst_pad_check_link: trying to link capture-decode:src_0 and videoconvert0:sink
0:00:00.018580000 94994    0x146fcfa90 INFO        GST_ELEMENT_PADS gstelement.c:759:gst_element_add_pad:<GstQueue@0x1510120d0> adding pad 'sink'
0:00:00.018585000 94994    0x146fcfa90 INFO        GST_ELEMENT_PADS gstelement.c:759:gst_element_add_pad:<GstQueue@0x1510120d0> adding pad 'src'
0:00:00.018591000 94994    0x14700e980 INFO                GST_PADS gstutils.c:1635:prepare_link_maybe_ghosting: capture-decode and videoconvert0 in same bin, no need for ghost pads
0:00:00.018597000 94994    0x14700e980 INFO                GST_PADS gstpad.c:2388:gst_pad_link_prepare: trying to link capture-decode:src_0 and videoconvert0:sink
0:00:00.018627000 94994    0x14700e980 INFO                GST_PADS gstpad.c:2596:gst_pad_link_full: linked capture-decode:src_0 and videoconvert0:sink, successful
0:00:00.018629000 94994    0x14700e980 INFO               GST_EVENT gstevent.c:1687:gst_event_new_reconfigure: creating reconfigure event
0:00:00.018634000 94994    0x14700e980 INFO               decodebin gstdecodebin2.c:4812:gst_decode_bin_expose:<capture-decode:src_0> added new decoded pad
0:00:00.018638000 94994    0x14700e980 INFO              GST_STATES gstbin.c:3409:bin_handle_async_done:<capture-decode> committing state from READY to PAUSED, old pending PAUSED
0:00:00.018640000 94994    0x14700e980 INFO              GST_STATES gstbin.c:3429:bin_handle_async_done:<capture-decode> completed state change, pending VOID
0:00:00.018642000 94994    0x14700e980 INFO              GST_STATES gstelement.c:2720:_priv_gst_element_state_changed:<capture-decode> notifying about state-changed READY to PAUSED (VOID_PENDING pending)
0:00:00.018645000 94994    0x14700e980 INFO              GST_STATES gstbin.c:3409:bin_handle_async_done:<pipeline0> committing state from READY to PAUSED, old pending PLAYING
0:00:00.018647000 94994    0x14700e980 INFO              GST_STATES gstbin.c:3438:bin_handle_async_done:<pipeline0> continue state change, pending PLAYING
0:00:00.018649000 94994    0x14700e980 INFO              GST_STATES gstelement.c:2720:_priv_gst_element_state_changed:<pipeline0> notifying about state-changed READY to PAUSED (PLAYING pending)
0:00:00.018686000 94994    0x14700e980 INFO                typefind gsttypefindelement.c:184:gst_type_find_element_have_type:<typefind> found caps video/x-raw, format=(string)ABGR64_LE, width=(int)320, height=(int)240, framerate=(fraction)30/1, multiview-mode=(string)mono, pixel-aspect-ratio=(fraction)1/1, interlace-mode=(string)progressive, probability=100
0:00:00.018775000 94994    0x14700e9e0 INFO              GST_STATES gstbin.c:3235:gst_bin_continue_func:<pipeline0> continue state change PAUSED to PLAYING, final PLAYING
0:00:00.018838000 94994    0x14700e9e0 INFO               GST_EVENT gstevent.c:1558:gst_event_new_latency: creating latency event 0:00:00.000000000
0:00:00.018847000 94994    0x14700e9e0 INFO                     bin gstbin.c:2768:gst_bin_do_latency_func:<pipeline0> configured latency of 0:00:00.000000000
0:00:00.018857000 94994    0x14700e9e0 INFO              GST_STATES gstbin.c:2484:gst_bin_element_set_state:<raw-tee> current PAUSED pending VOID_PENDING, desired next PLAYING
0:00:00.018860000 94994    0x14700e9e0 INFO              GST_STATES gstelement.c:2817:gst_element_continue_state:<raw-tee> completed state change to PLAYING
0:00:00.018863000 94994    0x14700e9e0 INFO              GST_STATES gstelement.c:2720:_priv_gst_element_state_changed:<raw-tee> notifying about state-changed PAUSED to PLAYING (VOID_PENDING pending)
0:00:00.018867000 94994    0x14700e9e0 INFO              GST_STATES gstbin.c:2939:gst_bin_change_state_func:<pipeline0> child 'raw-tee' changed state to 4(PLAYING) successfully
0:00:00.018871000 94994    0x14700e9e0 INFO              GST_STATES gstbin.c:2484:gst_bin_element_set_state:<identity0> current PAUSED pending VOID_PENDING, desired next PLAYING
0:00:00.018874000 94994    0x14700e9e0 INFO              GST_STATES gstelement.c:2817:gst_element_continue_state:<identity0> completed state change to PLAYING
0:00:00.018876000 94994    0x14700e9e0 INFO              GST_STATES gstelement.c:2720:_priv_gst_element_state_changed:<identity0> notifying about state-changed PAUSED to PLAYING (VOID_PENDING pending)
0:00:00.018880000 94994    0x14700e9e0 INFO              GST_STATES gstbin.c:2939:gst_bin_change_state_func:<pipeline0> child 'identity0' changed state to 4(PLAYING) successfully
0:00:00.018883000 94994    0x14700e9e0 INFO              GST_STATES gstbin.c:2484:gst_bin_element_set_state:<capsfilter0> current PAUSED pending VOID_PENDING, desired next PLAYING
0:00:00.018885000 94994    0x14700e9e0 INFO              GST_STATES gstelement.c:2817:gst_element_continue_state:<capsfilter0> completed state change to PLAYING
0:00:00.018888000 94994    0x14700e9e0 INFO              GST_STATES gstelement.c:2720:_priv_gst_element_state_changed:<capsfilter0> notifying about state-changed PAUSED to PLAYING (VOID_PENDING pending)
0:00:00.018891000 94994    0x14700e9e0 INFO              GST_STATES gstbin.c:2939:gst_bin_change_state_func:<pipeline0> child 'capsfilter0' changed state to 4(PLAYING) successfully
0:00:00.018894000 94994    0x14700e9e0 INFO              GST_STATES gstbin.c:2484:gst_bin_element_set_state:<videoconvert0> current PAUSED pending VOID_PENDING, desired next PLAYING
0:00:00.018895000 94994    0x14700e9e0 INFO              GST_STATES gstelement.c:2817:gst_element_continue_state:<videoconvert0> completed state change to PLAYING
0:00:00.018898000 94994    0x14700e9e0 INFO              GST_STATES gstelement.c:2720:_priv_gst_element_state_changed:<videoconvert0> notifying about state-changed PAUSED to PLAYING (VOID_PENDING pending)
0:00:00.018901000 94994    0x14700e9e0 INFO              GST_STATES gstbin.c:2939:gst_bin_change_state_func:<pipeline0> child 'videoconvert0' changed state to 4(PLAYING) successfully
0:00:00.018903000 94994    0x14700e9e0 INFO              GST_STATES gstbin.c:2484:gst_bin_element_set_state:<capture-decode> current PAUSED pending VOID_PENDING, desired next PLAYING
0:00:00.018907000 94994    0x14700e9e0 INFO              GST_STATES gstbin.c:2484:gst_bin_element_set_state:<typefind> current PAUSED pending VOID_PENDING, desired next PLAYING
0:00:00.018909000 94994    0x14700e9e0 INFO              GST_STATES gstelement.c:2817:gst_element_continue_state:<typefind> completed state change to PLAYING
0:00:00.018911000 94994    0x14700e9e0 INFO              GST_STATES gstelement.c:2720:_priv_gst_element_state_changed:<typefind> notifying about state-changed PAUSED to PLAYING (VOID_PENDING pending)
0:00:00.018914000 94994    0x14700e9e0 INFO              GST_STATES gstbin.c:2939:gst_bin_change_state_func:<capture-decode> child 'typefind' changed state to 4(PLAYING) successfully
0:00:00.018916000 94994    0x14700e9e0 INFO              GST_STATES gstelement.c:2817:gst_element_continue_state:<capture-decode> completed state change to PLAYING
0:00:00.018918000 94994    0x14700e9e0 INFO              GST_STATES gstelement.c:2720:_priv_gst_element_state_changed:<capture-decode> notifying about state-changed PAUSED to PLAYING (VOID_PENDING pending)
0:00:00.018919000 94994    0x14700e980 INFO               GST_EVENT gstevent.c:918:gst_event_new_caps: creating caps event video/x-raw, width=(int)320, height=(int)240, framerate=(fraction)30/1, multiview-mode=(string)mono, pixel-aspect-ratio=(fraction)1/1, interlace-mode=(string)progressive, format=(string)RGB
0:00:00.018922000 94994    0x14700e9e0 INFO              GST_STATES gstbin.c:2939:gst_bin_change_state_func:<pipeline0> child 'capture-decode' changed state to 4(PLAYING) successfully
0:00:00.018939000 94994    0x14700e980 INFO           basetransform gstbasetransform.c:1326:gst_base_transform_setcaps:<capsfilter0> reuse caps
0:00:00.018942000 94994    0x14700e9e0 INFO              GST_STATES gstbin.c:2484:gst_bin_element_set_state:<source> current PAUSED pending VOID_PENDING, desired next PLAYING
0:00:00.018959000 94994    0x14700e9e0 INFO              GST_STATES gstelement.c:2817:gst_element_continue_state:<source> completed state change to PLAYING
0:00:00.018952000 94994    0x14700e980 INFO               GST_EVENT gstevent.c:918:gst_event_new_caps: creating caps event video/x-raw, width=(int)320, height=(int)240, framerate=(fraction)30/1, multiview-mode=(string)mono, pixel-aspect-ratio=(fraction)1/1, interlace-mode=(string)progressive, format=(string)RGB
0:00:00.018974000 94994    0x14700e980 INFO           basetransform gstbasetransform.c:1326:gst_base_transform_setcaps:<identity0> reuse caps
0:00:00.018961000 94994    0x14700e9e0 INFO              GST_STATES gstelement.c:2720:_priv_gst_element_state_changed:<source> notifying about state-changed PAUSED to PLAYING (VOID_PENDING pending)
0:00:00.018986000 94994    0x14700e980 INFO               GST_EVENT gstevent.c:918:gst_event_new_caps: creating caps event video/x-raw, width=(int)320, height=(int)240, framerate=(fraction)30/1, multiview-mode=(string)mono, pixel-aspect-ratio=(fraction)1/1, interlace-mode=(string)progressive, format=(string)RGB
0:00:00.018988000 94994    0x14700e9e0 INFO              GST_STATES gstbin.c:2939:gst_bin_change_state_func:<pipeline0> child 'source' changed state to 4(PLAYING) successfully
0:00:00.019019000 94994    0x14700e9e0 INFO              GST_STATES gstelement.c:2817:gst_element_continue_state:<pipeline0> completed state change to PLAYING
0:00:00.019035000 94994    0x14700e9e0 INFO              GST_STATES gstelement.c:2720:_priv_gst_element_state_changed:<pipeline0> notifying about state-changed PAUSED to PLAYING (VOID_PENDING pending)
0:00:00.019667000 94994    0x146fcfa90 INFO      GST_PLUGIN_LOADING gstplugin.c:987:_priv_gst_plugin_load_file_for_registry: plugin "/Library/Frameworks/GStreamer.framework/Versions/1.0/lib/gstreamer-1.0/libgstpng.dylib" loaded
0:00:00.019708000 94994    0x146fcfa90 INFO        GST_ELEMENT_PADS gstelement.c:759:gst_element_add_pad:<GstVideoEncoder@0x147999590> adding pad 'sink'
0:00:00.019713000 94994    0x146fcfa90 INFO        GST_ELEMENT_PADS gstelement.c:759:gst_element_add_pad:<GstVideoEncoder@0x147999590> adding pad 'src'
0:00:00.019796000 94994    0x14700e980 INFO               GST_EVENT gstevent.c:999:gst_event_new_segment: creating segment event time segment start=0:00:00.000000000, offset=0:00:00.000000000, stop=99:99:99.999999999, rate=1.000000, applied_rate=1.000000, flags=0x00, time=0:00:00.000000000, base=0:00:00.000000000, position 0:00:00.000000000, duration 99:99:99.999999999
0:00:00.019807000 94994    0x14700e980 INFO                 basesrc gstbasesrc.c:3023:gst_base_src_loop:<source> marking pending DISCONT
0:00:00.020298000 94994    0x146fcfa90 INFO      GST_PLUGIN_LOADING gstplugin.c:987:_priv_gst_plugin_load_file_for_registry: plugin "/Library/Frameworks/GStreamer.framework/Versions/1.0/lib/gstreamer-1.0/libgstapp.dylib" loaded
0:00:00.020346000 94994    0x146fcfa90 INFO        GST_ELEMENT_PADS gstelement.c:759:gst_element_add_pad:<GstBaseSink@0x15101c470> adding pad 'sink'
0:00:00.020364000 94994    0x146fcfa90 INFO        GST_ELEMENT_PADS gstutils.c:1821:gst_element_link_pads_full: trying to link element snapshot-queue:(any) to element png-enc:(any)
0:00:00.020368000 94994    0x146fcfa90 INFO                GST_PADS gstutils.c:1081:gst_pad_check_link: trying to link snapshot-queue:src and png-enc:sink
0:00:00.020371000 94994    0x146fcfa90 INFO                GST_PADS gstpad.c:4367:gst_pad_peer_query:<snapshot-queue:sink> pad has no peer
0:00:00.020375000 94994    0x146fcfa90 INFO                GST_PADS gstpad.c:4367:gst_pad_peer_query:<png-enc:src> pad has no peer
0:00:00.020383000 94994    0x146fcfa90 INFO                GST_PADS gstutils.c:1635:prepare_link_maybe_ghosting: snapshot-queue and png-enc in same bin, no need for ghost pads
0:00:00.020387000 94994    0x146fcfa90 INFO                GST_PADS gstpad.c:2388:gst_pad_link_prepare: trying to link snapshot-queue:src and png-enc:sink
0:00:00.020390000 94994    0x146fcfa90 INFO                GST_PADS gstpad.c:4367:gst_pad_peer_query:<snapshot-queue:sink> pad has no peer
0:00:00.020392000 94994    0x146fcfa90 INFO                GST_PADS gstpad.c:4367:gst_pad_peer_query:<png-enc:src> pad has no peer
0:00:00.020398000 94994    0x146fcfa90 INFO                GST_PADS gstpad.c:2596:gst_pad_link_full: linked snapshot-queue:src and png-enc:sink, successful
0:00:00.020400000 94994    0x146fcfa90 INFO               GST_EVENT gstevent.c:1687:gst_event_new_reconfigure: creating reconfigure event
0:00:00.020402000 94994    0x146fcfa90 INFO               GST_EVENT gstpad.c:5986:gst_pad_send_event_unchecked:<snapshot-queue:src> Received event on flushing pad. Discarding
0:00:00.020406000 94994    0x146fcfa90 INFO        GST_ELEMENT_PADS gstutils.c:1821:gst_element_link_pads_full: trying to link element png-enc:(any) to element app-sink:(any)
0:00:00.020409000 94994    0x146fcfa90 INFO                GST_PADS gstutils.c:1081:gst_pad_check_link: trying to link png-enc:src and app-sink:sink
0:00:00.020414000 94994    0x146fcfa90 INFO                GST_PADS gstutils.c:1635:prepare_link_maybe_ghosting: png-enc and app-sink in same bin, no need for ghost pads
0:00:00.020418000 94994    0x146fcfa90 INFO                GST_PADS gstpad.c:2388:gst_pad_link_prepare: trying to link png-enc:src and app-sink:sink
0:00:00.020421000 94994    0x146fcfa90 INFO                GST_PADS gstpad.c:2596:gst_pad_link_full: linked png-enc:src and app-sink:sink, successful
0:00:00.020423000 94994    0x146fcfa90 INFO               GST_EVENT gstevent.c:1687:gst_event_new_reconfigure: creating reconfigure event
0:00:00.020425000 94994    0x146fcfa90 INFO               GST_EVENT gstpad.c:5986:gst_pad_send_event_unchecked:<png-enc:src> Received event on flushing pad. Discarding
0:00:00.020429000 94994    0x146fcfa90 INFO        GST_ELEMENT_PADS gstelement.c:1017:gst_element_get_static_pad: found pad snapshot-queue:sink
0:00:00.020441000 94994    0x146fcfa90 INFO                GST_PADS gstpad.c:2388:gst_pad_link_prepare: trying to link ghostpad0:proxypad2 and snapshot-queue:sink
0:00:00.020443000 94994    0x146fcfa90 INFO                GST_PADS gstpad.c:2596:gst_pad_link_full: linked ghostpad0:proxypad2 and snapshot-queue:sink, successful
0:00:00.020444000 94994    0x146fcfa90 INFO               GST_EVENT gstevent.c:1687:gst_event_new_reconfigure: creating reconfigure event
0:00:00.020448000 94994    0x146fcfa90 INFO        GST_ELEMENT_PADS gstelement.c:759:gst_element_add_pad:<[0] snapshot> adding pad 'sink'
2023-11-15T19:31:12.760226Z  INFO gst_dynamic_sink: taking snapshot consumer="[0] snapshot"
0:00:00.020472000 94994    0x146fcfa90 INFO        GST_ELEMENT_PADS gstelement.c:759:gst_element_add_pad:<raw-tee> adding pad 'src_0'
0:00:00.020474000 94994    0x146fcfa90 INFO        GST_ELEMENT_PADS gstelement.c:1017:gst_element_get_static_pad: found pad [0] snapshot:sink
0:00:00.020476000 94994    0x146fcfa90 INFO              GST_STATES gstbin.c:2070:gst_bin_get_state_func:<pipeline0> getting state
2023-11-15T19:31:12.760250Z DEBUG gst_dynamic_sink: linking bin to tee pipeline="pipeline0" pipeline_state=(Ok(Success), Playing, VoidPending) tee="raw-tee" bin="[0] snapshot" src_pad="src_0" sink_pad="sink"
0:00:00.020484000 94994    0x146fcfa90 INFO                GST_PADS gstpad.c:2388:gst_pad_link_prepare: trying to link raw-tee:src_0 and [0] snapshot:sink
0:00:00.020536000 94994    0x146fcfa90 INFO                GST_PADS gstpad.c:2596:gst_pad_link_full: linked raw-tee:src_0 and [0] snapshot:sink, successful
0:00:00.020538000 94994    0x146fcfa90 INFO               GST_EVENT gstevent.c:1687:gst_event_new_reconfigure: creating reconfigure event
0:00:00.020550000 94994    0x146fcfa90 INFO              GST_STATES gstbin.c:2484:gst_bin_element_set_state:<app-sink> current NULL pending VOID_PENDING, desired next READY
0:00:00.020554000 94994    0x146fcfa90 INFO              GST_STATES gstelement.c:2817:gst_element_continue_state:<app-sink> completed state change to READY
0:00:00.020556000 94994    0x146fcfa90 INFO              GST_STATES gstelement.c:2720:_priv_gst_element_state_changed:<app-sink> notifying about state-changed NULL to READY (VOID_PENDING pending)
0:00:00.020560000 94994    0x146fcfa90 INFO              GST_STATES gstbin.c:2939:gst_bin_change_state_func:<[0] snapshot> child 'app-sink' changed state to 2(READY) successfully
0:00:00.020563000 94994    0x146fcfa90 INFO              GST_STATES gstbin.c:2484:gst_bin_element_set_state:<png-enc> current NULL pending VOID_PENDING, desired next READY
0:00:00.020566000 94994    0x146fcfa90 INFO              GST_STATES gstelement.c:2817:gst_element_continue_state:<png-enc> completed state change to READY
0:00:00.020568000 94994    0x146fcfa90 INFO              GST_STATES gstelement.c:2720:_priv_gst_element_state_changed:<png-enc> notifying about state-changed NULL to READY (VOID_PENDING pending)
0:00:00.020571000 94994    0x146fcfa90 INFO              GST_STATES gstbin.c:2939:gst_bin_change_state_func:<[0] snapshot> child 'png-enc' changed state to 2(READY) successfully
0:00:00.020573000 94994    0x146fcfa90 INFO              GST_STATES gstbin.c:2484:gst_bin_element_set_state:<snapshot-queue> current NULL pending VOID_PENDING, desired next READY
0:00:00.020576000 94994    0x146fcfa90 INFO              GST_STATES gstelement.c:2817:gst_element_continue_state:<snapshot-queue> completed state change to READY
0:00:00.020578000 94994    0x146fcfa90 INFO              GST_STATES gstelement.c:2720:_priv_gst_element_state_changed:<snapshot-queue> notifying about state-changed NULL to READY (VOID_PENDING pending)
0:00:00.020580000 94994    0x146fcfa90 INFO              GST_STATES gstbin.c:2939:gst_bin_change_state_func:<[0] snapshot> child 'snapshot-queue' changed state to 2(READY) successfully
0:00:00.020583000 94994    0x146fcfa90 INFO              GST_STATES gstelement.c:2792:gst_element_continue_state:<[0] snapshot> committing state from NULL to READY, pending PLAYING, next PAUSED
0:00:00.020585000 94994    0x146fcfa90 INFO              GST_STATES gstelement.c:2720:_priv_gst_element_state_changed:<[0] snapshot> notifying about state-changed NULL to READY (PLAYING pending)
0:00:00.020587000 94994    0x146fcfa90 INFO              GST_STATES gstelement.c:2799:gst_element_continue_state:<[0] snapshot> continue state change READY to PAUSED, final PLAYING
0:00:00.020590000 94994    0x146fcfa90 INFO              GST_STATES gstbin.c:2484:gst_bin_element_set_state:<app-sink> current READY pending VOID_PENDING, desired next PAUSED
0:00:00.020594000 94994    0x146fcfa90 INFO              GST_STATES gstelement.c:2817:gst_element_continue_state:<app-sink> completed state change to PAUSED
0:00:00.020596000 94994    0x146fcfa90 INFO              GST_STATES gstelement.c:2720:_priv_gst_element_state_changed:<app-sink> notifying about state-changed READY to PAUSED (VOID_PENDING pending)
0:00:00.020599000 94994    0x146fcfa90 INFO              GST_STATES gstbin.c:2939:gst_bin_change_state_func:<[0] snapshot> child 'app-sink' changed state to 3(PAUSED) successfully
0:00:00.020602000 94994    0x146fcfa90 INFO              GST_STATES gstbin.c:2484:gst_bin_element_set_state:<png-enc> current READY pending VOID_PENDING, desired next PAUSED
0:00:00.020604000 94994    0x146fcfa90 INFO              GST_STATES gstelement.c:2817:gst_element_continue_state:<png-enc> completed state change to PAUSED
0:00:00.020607000 94994    0x146fcfa90 INFO              GST_STATES gstelement.c:2720:_priv_gst_element_state_changed:<png-enc> notifying about state-changed READY to PAUSED (VOID_PENDING pending)
0:00:00.020609000 94994    0x146fcfa90 INFO              GST_STATES gstbin.c:2939:gst_bin_change_state_func:<[0] snapshot> child 'png-enc' changed state to 3(PAUSED) successfully
0:00:00.020612000 94994    0x146fcfa90 INFO              GST_STATES gstbin.c:2484:gst_bin_element_set_state:<snapshot-queue> current READY pending VOID_PENDING, desired next PAUSED
0:00:00.020616000 94994    0x146fcfa90 INFO                    task gsttask.c:516:gst_task_set_lock: setting stream lock 0x147973a30 on task 0x152019950
0:00:00.020618000 94994    0x146fcfa90 INFO                GST_PADS gstpad.c:6331:gst_pad_start_task:<snapshot-queue:src> created task 0x152019950
0:00:00.020649000 94994    0x146fcfa90 INFO              GST_STATES gstelement.c:2817:gst_element_continue_state:<snapshot-queue> completed state change to PAUSED
0:00:00.020652000 94994    0x146fcfa90 INFO              GST_STATES gstelement.c:2720:_priv_gst_element_state_changed:<snapshot-queue> notifying about state-changed READY to PAUSED (VOID_PENDING pending)
0:00:00.020662000 94994    0x146fcfa90 INFO              GST_STATES gstbin.c:2939:gst_bin_change_state_func:<[0] snapshot> child 'snapshot-queue' changed state to 3(PAUSED) successfully
0:00:00.020668000 94994    0x146fcfa90 INFO              GST_STATES gstelement.c:2792:gst_element_continue_state:<[0] snapshot> committing state from READY to PAUSED, pending PLAYING, next PLAYING
0:00:00.020671000 94994    0x146fcfa90 INFO              GST_STATES gstelement.c:2720:_priv_gst_element_state_changed:<[0] snapshot> notifying about state-changed READY to PAUSED (PLAYING pending)
0:00:00.020675000 94994    0x146fcfa90 INFO              GST_STATES gstelement.c:2799:gst_element_continue_state:<[0] snapshot> continue state change PAUSED to PLAYING, final PLAYING
0:00:00.020681000 94994    0x146fcfa90 INFO              GST_STATES gstbin.c:2484:gst_bin_element_set_state:<app-sink> current PAUSED pending VOID_PENDING, desired next PLAYING
0:00:00.020686000 94994    0x146fcfa90 INFO              GST_STATES gstelement.c:2817:gst_element_continue_state:<app-sink> completed state change to PLAYING
0:00:00.020688000 94994    0x146fcfa90 INFO              GST_STATES gstelement.c:2720:_priv_gst_element_state_changed:<app-sink> notifying about state-changed PAUSED to PLAYING (VOID_PENDING pending)
0:00:00.020691000 94994    0x146fcfa90 INFO              GST_STATES gstbin.c:2939:gst_bin_change_state_func:<[0] snapshot> child 'app-sink' changed state to 4(PLAYING) successfully
0:00:00.020694000 94994    0x146fcfa90 INFO              GST_STATES gstbin.c:2484:gst_bin_element_set_state:<png-enc> current PAUSED pending VOID_PENDING, desired next PLAYING
0:00:00.020696000 94994    0x146fcfa90 INFO              GST_STATES gstelement.c:2817:gst_element_continue_state:<png-enc> completed state change to PLAYING
0:00:00.020698000 94994    0x146fcfa90 INFO              GST_STATES gstelement.c:2720:_priv_gst_element_state_changed:<png-enc> notifying about state-changed PAUSED to PLAYING (VOID_PENDING pending)
0:00:00.020700000 94994    0x146fcfa90 INFO              GST_STATES gstbin.c:2939:gst_bin_change_state_func:<[0] snapshot> child 'png-enc' changed state to 4(PLAYING) successfully
0:00:00.020703000 94994    0x146fcfa90 INFO              GST_STATES gstbin.c:2484:gst_bin_element_set_state:<snapshot-queue> current PAUSED pending VOID_PENDING, desired next PLAYING
0:00:00.020705000 94994    0x146fcfa90 INFO              GST_STATES gstelement.c:2817:gst_element_continue_state:<snapshot-queue> completed state change to PLAYING
0:00:00.020708000 94994    0x146fcfa90 INFO              GST_STATES gstelement.c:2720:_priv_gst_element_state_changed:<snapshot-queue> notifying about state-changed PAUSED to PLAYING (VOID_PENDING pending)
0:00:00.020711000 94994    0x146fcfa90 INFO              GST_STATES gstbin.c:2939:gst_bin_change_state_func:<[0] snapshot> child 'snapshot-queue' changed state to 4(PLAYING) successfully
0:00:00.020713000 94994    0x146fcfa90 INFO              GST_STATES gstelement.c:2817:gst_element_continue_state:<[0] snapshot> completed state change to PLAYING
0:00:00.020715000 94994    0x146fcfa90 INFO              GST_STATES gstelement.c:2720:_priv_gst_element_state_changed:<[0] snapshot> notifying about state-changed PAUSED to PLAYING (VOID_PENDING pending)
0:00:00.020723000 94994    0x14700e980 INFO           basetransform gstbasetransform.c:1326:gst_base_transform_setcaps:<capsfilter0> reuse caps
0:00:00.020748000 94994    0x146fcfa90 INFO              GST_STATES gstbin.c:2070:gst_bin_get_state_func:<pipeline0> getting state
2023-11-15T19:31:12.760526Z DEBUG gst_dynamic_sink: state changed src="capture-decode" old=Ready current=Paused
0:00:00.020758000 94994    0x146fcfa90 INFO              GST_STATES gstbin.c:2070:gst_bin_get_state_func:<pipeline0> getting state
2023-11-15T19:31:12.760532Z DEBUG gst_dynamic_sink: element source="pipeline0" structure=GstBinForwarded { message: (GstMessage) ((GstMessage*) 0x14799c310) }
0:00:00.020768000 94994    0x146fcfa90 INFO              GST_STATES gstbin.c:2070:gst_bin_get_state_func:<pipeline0> getting state
2023-11-15T19:31:12.760542Z DEBUG gst_dynamic_sink: state changed src="pipeline0" old=Ready current=Paused pending=Playing
0:00:00.020772000 94994    0x146fcfa90 INFO              GST_STATES gstbin.c:2070:gst_bin_get_state_func:<pipeline0> getting state
2023-11-15T19:31:12.760546Z DEBUG gst_dynamic_sink: async done src="pipeline0" structure=Some(GstMessageAsyncDone { running-time: (guint64) 18446744073709551615 })
0:00:00.020779000 94994    0x146fcfa90 INFO              GST_STATES gstbin.c:2070:gst_bin_get_state_func:<pipeline0> getting state
2023-11-15T19:31:12.760553Z DEBUG gst_dynamic_sink: NewClock(NewClock { structure: Some(GstMessageNewClock { clock: (GstClock) (GstSystemClock) GstSystemClock }), source: Some((Object { inner: TypedObjectRef { inner: 0x147980170, type: GstPipeline } }, "pipeline0")), clock: Some(Clock { inner: TypedObjectRef { inner: 0x15180c0e0, type: GstSystemClock } }) })
0:00:00.020788000 94994    0x146fcfa90 INFO              GST_STATES gstbin.c:2070:gst_bin_get_state_func:<pipeline0> getting state
2023-11-15T19:31:12.760562Z DEBUG gst_dynamic_sink: state changed src="raw-tee" old=Paused current=Playing
0:00:00.020792000 94994    0x146fcfa90 INFO              GST_STATES gstbin.c:2070:gst_bin_get_state_func:<pipeline0> getting state
2023-11-15T19:31:12.760565Z DEBUG gst_dynamic_sink: state changed src="identity0" old=Paused current=Playing
0:00:00.020795000 94994    0x146fcfa90 INFO              GST_STATES gstbin.c:2070:gst_bin_get_state_func:<pipeline0> getting state
2023-11-15T19:31:12.760568Z DEBUG gst_dynamic_sink: state changed src="capsfilter0" old=Paused current=Playing
0:00:00.020798000 94994    0x146fcfa90 INFO              GST_STATES gstbin.c:2070:gst_bin_get_state_func:<pipeline0> getting state
2023-11-15T19:31:12.760572Z DEBUG gst_dynamic_sink: state changed src="videoconvert0" old=Paused current=Playing
0:00:00.020801000 94994    0x146fcfa90 INFO              GST_STATES gstbin.c:2070:gst_bin_get_state_func:<pipeline0> getting state
2023-11-15T19:31:12.760575Z DEBUG gst_dynamic_sink: state changed src="typefind" old=Paused current=Playing
0:00:00.020805000 94994    0x146fcfa90 INFO              GST_STATES gstbin.c:2070:gst_bin_get_state_func:<pipeline0> getting state
2023-11-15T19:31:12.760578Z DEBUG gst_dynamic_sink: state changed src="capture-decode" old=Paused current=Playing
0:00:00.020809000 94994    0x146fcfa90 INFO              GST_STATES gstbin.c:2070:gst_bin_get_state_func:<pipeline0> getting state
2023-11-15T19:31:12.760582Z DEBUG gst_dynamic_sink: state changed src="source" old=Paused current=Playing
0:00:00.020812000 94994    0x146fcfa90 INFO              GST_STATES gstbin.c:2070:gst_bin_get_state_func:<pipeline0> getting state
2023-11-15T19:31:12.760586Z DEBUG gst_dynamic_sink: state changed src="pipeline0" old=Paused current=Playing
0:00:00.020816000 94994    0x146fcfa90 INFO              GST_STATES gstbin.c:2070:gst_bin_get_state_func:<pipeline0> getting state
2023-11-15T19:31:12.760590Z DEBUG gst_dynamic_sink: state changed src="app-sink" old=Null current=Ready
0:00:00.020820000 94994    0x146fcfa90 INFO              GST_STATES gstbin.c:2070:gst_bin_get_state_func:<pipeline0> getting state
2023-11-15T19:31:12.760593Z DEBUG gst_dynamic_sink: state changed src="png-enc" old=Null current=Ready
0:00:00.020823000 94994    0x14700e980 INFO           basetransform gstbasetransform.c:1326:gst_base_transform_setcaps:<identity0> reuse caps
0:00:00.020823000 94994    0x146fcfa90 INFO              GST_STATES gstbin.c:2070:gst_bin_get_state_func:<pipeline0> getting state
2023-11-15T19:31:12.760618Z DEBUG gst_dynamic_sink: state changed src="snapshot-queue" old=Null current=Ready
0:00:00.020852000 94994    0x146fcfa90 INFO              GST_STATES gstbin.c:2070:gst_bin_get_state_func:<pipeline0> getting state
2023-11-15T19:31:12.760626Z DEBUG gst_dynamic_sink: state changed src="[0] snapshot" old=Null current=Ready pending=Playing
0:00:00.020857000 94994    0x146fcfa90 INFO              GST_STATES gstbin.c:2070:gst_bin_get_state_func:<pipeline0> getting state
2023-11-15T19:31:12.760631Z DEBUG gst_dynamic_sink: recalculating latency element="app-sink"
0:00:00.020860000 94994    0x146fcfa90 INFO              GST_STATES gstbin.c:2070:gst_bin_get_state_func:<pipeline0> getting state
2023-11-15T19:31:12.760634Z DEBUG gst_dynamic_sink: state changed src="app-sink" old=Ready current=Paused
0:00:00.020864000 94994    0x146fcfa90 INFO              GST_STATES gstbin.c:2070:gst_bin_get_state_func:<pipeline0> getting state
2023-11-15T19:31:12.760638Z DEBUG gst_dynamic_sink: state changed src="png-enc" old=Ready current=Paused
0:00:00.020868000 94994    0x146fcfa90 INFO              GST_STATES gstbin.c:2070:gst_bin_get_state_func:<pipeline0> getting state
2023-11-15T19:31:12.760642Z DEBUG gst_dynamic_sink: StreamStatus(StreamStatus { structure: Some(GstMessageStreamStatus { type: (GstStreamStatusType) ((GstStreamStatusType) GST_STREAM_STATUS_TYPE_CREATE), owner: (GstElement) (GstQueue) snapshot-queue, object: (GstTask) (GstTask) snapshot-queue:src }), source: Some((Object { inner: TypedObjectRef { inner: 0x1479739c0, type: GstPad } }, "src")), status: Some((GstTask) (GstTask) snapshot-queue:src) })
0:00:00.020880000 94994    0x146fcfa90 INFO              GST_STATES gstbin.c:2070:gst_bin_get_state_func:<pipeline0> getting state
2023-11-15T19:31:12.760654Z DEBUG gst_dynamic_sink: StreamStatus(StreamStatus { structure: Some(GstMessageStreamStatus { type: (GstStreamStatusType) ((GstStreamStatusType) GST_STREAM_STATUS_TYPE_ENTER), owner: (GstElement) (GstQueue) snapshot-queue, object: (GstTask) (GstTask) snapshot-queue:src }), source: Some((Object { inner: TypedObjectRef { inner: 0x1479739c0, type: GstPad } }, "src")), status: Some((GstTask) (GstTask) snapshot-queue:src) })
0:00:00.020887000 94994    0x146fcfa90 INFO              GST_STATES gstbin.c:2070:gst_bin_get_state_func:<pipeline0> getting state
2023-11-15T19:31:12.760661Z DEBUG gst_dynamic_sink: state changed src="snapshot-queue" old=Ready current=Paused
0:00:00.020891000 94994    0x146fcfa90 INFO              GST_STATES gstbin.c:2070:gst_bin_get_state_func:<pipeline0> getting state
2023-11-15T19:31:12.760665Z DEBUG gst_dynamic_sink: state changed src="[0] snapshot" old=Ready current=Paused pending=Playing
0:00:00.020895000 94994    0x146fcfa90 INFO              GST_STATES gstbin.c:2070:gst_bin_get_state_func:<pipeline0> getting state
2023-11-15T19:31:12.760668Z DEBUG gst_dynamic_sink: state changed src="app-sink" old=Paused current=Playing
0:00:00.020898000 94994    0x146fcfa90 INFO              GST_STATES gstbin.c:2070:gst_bin_get_state_func:<pipeline0> getting state
2023-11-15T19:31:12.760671Z DEBUG gst_dynamic_sink: state changed src="png-enc" old=Paused current=Playing
0:00:00.020901000 94994    0x146fcfa90 INFO              GST_STATES gstbin.c:2070:gst_bin_get_state_func:<pipeline0> getting state
2023-11-15T19:31:12.760675Z DEBUG gst_dynamic_sink: state changed src="snapshot-queue" old=Paused current=Playing
0:00:00.020904000 94994    0x146fcfa90 INFO              GST_STATES gstbin.c:2070:gst_bin_get_state_func:<pipeline0> getting state
2023-11-15T19:31:12.760678Z DEBUG gst_dynamic_sink: state changed src="[0] snapshot" old=Paused current=Playing
0:00:00.020908000 94994    0x146fcfa90 INFO              GST_STATES gstbin.c:2070:gst_bin_get_state_func:<pipeline0> getting state
0:00:00.023686000 94994    0x14700ea40 INFO               GST_EVENT gstevent.c:918:gst_event_new_caps: creating caps event image/png, width=(int)320, height=(int)240, pixel-aspect-ratio=(fraction)1/1, framerate=(fraction)30/1, interlace-mode=(string)progressive, colorimetry=(string)sRGB, multiview-mode=(string)mono, multiview-flags=(GstVideoMultiviewFlagsSet)0:ffffffff:/right-view-first/left-flipped/left-flopped/right-flipped/right-flopped/half-aspect/mixed-mono
2023-11-15T19:31:12.763457Z DEBUG gst_dynamic_sink: StreamStart(StreamStart { structure: Some(GstMessageStreamStart { group-id: (guint) 1 }), source: Some((Object { inner: TypedObjectRef { inner: 0x147980170, type: GstPipeline } }, "pipeline0")), group-id: Some(GroupId(1)) })
0:00:00.023695000 94994    0x146fcfa90 INFO              GST_STATES gstbin.c:2070:gst_bin_get_state_func:<pipeline0> getting state
0:00:00.023699000 94994    0x14700ea40 INFO               GST_EVENT gstevent.c:918:gst_event_new_caps: creating caps event image/png, width=(int)320, height=(int)240, pixel-aspect-ratio=(fraction)1/1, framerate=(fraction)30/1, interlace-mode=(string)progressive, colorimetry=(string)sRGB, multiview-mode=(string)mono, multiview-flags=(GstVideoMultiviewFlagsSet)0:ffffffff:/right-view-first/left-flipped/left-flopped/right-flipped/right-flopped/half-aspect/mixed-mono
0:00:00.023707000 94994    0x14700ea40 INFO               GST_EVENT gstevent.c:999:gst_event_new_segment: creating segment event time segment start=0:00:00.000000000, offset=0:00:00.000000000, stop=99:99:99.999999999, rate=1.000000, applied_rate=1.000000, flags=0x00, time=0:00:00.000000000, base=0:00:00.000000000, position 0:00:00.000000000, duration 99:99:99.999999999
2023-11-15T19:31:12.763492Z DEBUG gst_dynamic_sink: received snapshot sample consumer="[0] snapshot" is_first=true
2023-11-15T19:31:12.763496Z DEBUG gst_dynamic_sink: recalculating latency element="app-sink"
0:00:00.023727000 94994    0x146fcfa90 INFO              GST_STATES gstbin.c:2070:gst_bin_get_state_func:<pipeline0> getting state
0:00:00.023735000 94994    0x14700ea40 INFO        GST_ELEMENT_PADS gstelement.c:1017:gst_element_get_static_pad: found pad [0] snapshot:sink
2023-11-15T19:31:12.763507Z  INFO gst_dynamic_sink: snapshot received len=15255
2023-11-15T19:31:12.763512Z DEBUG gst_dynamic_sink: unlinking tee branch tee="raw-tee" branch="[0] snapshot"
0:00:00.023746000 94994    0x14700ea40 INFO        GST_ELEMENT_PADS gstpad.c:2144:gst_pad_unlink: unlinking raw-tee:src_0(0x147989af0) and [0] snapshot:sink(0x147984c80)
0:00:00.023750000 94994    0x14700ea40 INFO        GST_ELEMENT_PADS gstpad.c:2198:gst_pad_unlink: unlinked raw-tee:src_0 and [0] snapshot:sink
0:00:00.023754000 94994    0x14700ea40 INFO        GST_ELEMENT_PADS gstelement.c:876:gst_element_remove_pad:<raw-tee> removing pad 'src_0'
0:00:00.023784000 94994    0x14700ea40 INFO                    task gsttask.c:368:gst_task_func:<snapshot-queue:src> Task going to paused
2023-11-15T19:31:12.763564Z DEBUG gst_dynamic_sink: element source="pipeline0" structure=GstBinForwarded { message: (GstMessage) ((GstMessage*) 0x151024f10) }
2023-11-15T19:31:12.763570Z DEBUG gst_dynamic_sink: removing flushed bin bin="[0] snapshot"
0:00:00.023808000 94994    0x1508070c0 INFO           GST_PARENTAGE gstbin.c:1806:gst_bin_remove_func:<pipeline0> removed child "[0] snapshot"
0:00:00.023819000 94994    0x14700e9e0 INFO              GST_STATES gstbin.c:2484:gst_bin_element_set_state:<app-sink> current PLAYING pending VOID_PENDING, desired next PAUSED
0:00:00.023820000 94994    0x1508070c0 INFO              GST_STATES gstbin.c:2070:gst_bin_get_state_func:<pipeline0> getting state
0:00:00.023823000 94994    0x14700e9e0 INFO              GST_STATES gstelement.c:2817:gst_element_continue_state:<app-sink> completed state change to PAUSED
2023-11-15T19:31:12.763599Z DEBUG gst_dynamic_sink: Eos(Eos { structure: None, source: Some((Object { inner: TypedObjectRef { inner: 0x147980170, type: GstPipeline } }, "pipeline0")) })
0:00:00.023830000 94994    0x1508070c0 INFO              GST_STATES gstbin.c:2070:gst_bin_get_state_func:<pipeline0> getting state
0:00:00.023831000 94994    0x14700e9e0 INFO              GST_STATES gstelement.c:2720:_priv_gst_element_state_changed:<app-sink> notifying about state-changed PLAYING to PAUSED (VOID_PENDING pending)
0:00:00.023838000 94994    0x14700e9e0 INFO              GST_STATES gstbin.c:2939:gst_bin_change_state_func:<[0] snapshot> child 'app-sink' changed state to 3(PAUSED) successfully
0:00:00.023840000 94994    0x14700e9e0 INFO              GST_STATES gstbin.c:2484:gst_bin_element_set_state:<png-enc> current PLAYING pending VOID_PENDING, desired next PAUSED
0:00:00.023842000 94994    0x14700e9e0 INFO              GST_STATES gstelement.c:2817:gst_element_continue_state:<png-enc> completed state change to PAUSED
0:00:00.023844000 94994    0x14700e9e0 INFO              GST_STATES gstelement.c:2720:_priv_gst_element_state_changed:<png-enc> notifying about state-changed PLAYING to PAUSED (VOID_PENDING pending)
0:00:00.023846000 94994    0x14700e9e0 INFO              GST_STATES gstbin.c:2939:gst_bin_change_state_func:<[0] snapshot> child 'png-enc' changed state to 3(PAUSED) successfully
0:00:00.023849000 94994    0x14700e9e0 INFO              GST_STATES gstbin.c:2484:gst_bin_element_set_state:<snapshot-queue> current PLAYING pending VOID_PENDING, desired next PAUSED
0:00:00.023850000 94994    0x14700e9e0 INFO              GST_STATES gstelement.c:2817:gst_element_continue_state:<snapshot-queue> completed state change to PAUSED
0:00:00.023852000 94994    0x14700e9e0 INFO              GST_STATES gstelement.c:2720:_priv_gst_element_state_changed:<snapshot-queue> notifying about state-changed PLAYING to PAUSED (VOID_PENDING pending)
0:00:00.023854000 94994    0x14700e9e0 INFO              GST_STATES gstbin.c:2939:gst_bin_change_state_func:<[0] snapshot> child 'snapshot-queue' changed state to 3(PAUSED) successfully
0:00:00.023858000 94994    0x14700e9e0 INFO              GST_STATES gstelement.c:2792:gst_element_continue_state:<[0] snapshot> committing state from PLAYING to PAUSED, pending NULL, next READY
0:00:00.023861000 94994    0x14700e9e0 INFO              GST_STATES gstelement.c:2720:_priv_gst_element_state_changed:<[0] snapshot> notifying about state-changed PLAYING to PAUSED (NULL pending)
0:00:00.023863000 94994    0x14700e9e0 INFO              GST_STATES gstelement.c:2799:gst_element_continue_state:<[0] snapshot> continue state change PAUSED to READY, final NULL
0:00:00.023867000 94994    0x14700e9e0 INFO              GST_STATES gstbin.c:2484:gst_bin_element_set_state:<app-sink> current PAUSED pending VOID_PENDING, desired next READY
0:00:00.023871000 94994    0x14700e9e0 INFO              GST_STATES gstelement.c:2817:gst_element_continue_state:<app-sink> completed state change to READY
0:00:00.023873000 94994    0x14700e9e0 INFO              GST_STATES gstelement.c:2720:_priv_gst_element_state_changed:<app-sink> notifying about state-changed PAUSED to READY (VOID_PENDING pending)
0:00:00.023875000 94994    0x14700e9e0 INFO              GST_STATES gstbin.c:2939:gst_bin_change_state_func:<[0] snapshot> child 'app-sink' changed state to 2(READY) successfully
0:00:00.023877000 94994    0x14700e9e0 INFO              GST_STATES gstbin.c:2484:gst_bin_element_set_state:<png-enc> current PAUSED pending VOID_PENDING, desired next READY
0:00:00.023881000 94994    0x14700e9e0 INFO              GST_STATES gstelement.c:2817:gst_element_continue_state:<png-enc> completed state change to READY
0:00:00.023883000 94994    0x14700e9e0 INFO              GST_STATES gstelement.c:2720:_priv_gst_element_state_changed:<png-enc> notifying about state-changed PAUSED to READY (VOID_PENDING pending)
0:00:00.023885000 94994    0x14700e9e0 INFO              GST_STATES gstbin.c:2939:gst_bin_change_state_func:<[0] snapshot> child 'png-enc' changed state to 2(READY) successfully
0:00:00.023887000 94994    0x14700e9e0 INFO              GST_STATES gstbin.c:2484:gst_bin_element_set_state:<snapshot-queue> current PAUSED pending VOID_PENDING, desired next READY
0:00:00.023894000 94994    0x14700ea40 INFO                    task gsttask.c:370:gst_task_func:<snapshot-queue:src> Task resume from paused
0:00:00.023903000 94994    0x14700e9e0 INFO              GST_STATES gstelement.c:2817:gst_element_continue_state:<snapshot-queue> completed state change to READY
0:00:00.023905000 94994    0x14700e9e0 INFO              GST_STATES gstelement.c:2720:_priv_gst_element_state_changed:<snapshot-queue> notifying about state-changed PAUSED to READY (VOID_PENDING pending)
0:00:00.023908000 94994    0x14700e9e0 INFO              GST_STATES gstbin.c:2939:gst_bin_change_state_func:<[0] snapshot> child 'snapshot-queue' changed state to 2(READY) successfully
0:00:00.023912000 94994    0x14700e9e0 INFO              GST_STATES gstelement.c:2792:gst_element_continue_state:<[0] snapshot> committing state from PAUSED to READY, pending NULL, next NULL
0:00:00.023914000 94994    0x14700e9e0 INFO              GST_STATES gstelement.c:2720:_priv_gst_element_state_changed:<[0] snapshot> notifying about state-changed PAUSED to READY (NULL pending)
0:00:00.023916000 94994    0x14700e9e0 INFO              GST_STATES gstelement.c:2799:gst_element_continue_state:<[0] snapshot> continue state change READY to NULL, final NULL
0:00:00.023919000 94994    0x14700e9e0 INFO              GST_STATES gstbin.c:2484:gst_bin_element_set_state:<app-sink> current READY pending VOID_PENDING, desired next NULL
0:00:00.023923000 94994    0x14700e9e0 INFO              GST_STATES gstelement.c:2817:gst_element_continue_state:<app-sink> completed state change to NULL
0:00:00.023925000 94994    0x14700e9e0 INFO              GST_STATES gstelement.c:2720:_priv_gst_element_state_changed:<app-sink> notifying about state-changed READY to NULL (VOID_PENDING pending)
0:00:00.023927000 94994    0x14700e9e0 INFO              GST_STATES gstbin.c:2939:gst_bin_change_state_func:<[0] snapshot> child 'app-sink' changed state to 1(NULL) successfully
0:00:00.023929000 94994    0x14700e9e0 INFO              GST_STATES gstbin.c:2484:gst_bin_element_set_state:<png-enc> current READY pending VOID_PENDING, desired next NULL
0:00:00.023931000 94994    0x14700e9e0 INFO              GST_STATES gstelement.c:2817:gst_element_continue_state:<png-enc> completed state change to NULL
0:00:00.023933000 94994    0x14700e9e0 INFO              GST_STATES gstelement.c:2720:_priv_gst_element_state_changed:<png-enc> notifying about state-changed READY to NULL (VOID_PENDING pending)
0:00:00.023935000 94994    0x14700e9e0 INFO              GST_STATES gstbin.c:2939:gst_bin_change_state_func:<[0] snapshot> child 'png-enc' changed state to 1(NULL) successfully
0:00:00.023937000 94994    0x14700e9e0 INFO              GST_STATES gstbin.c:2484:gst_bin_element_set_state:<snapshot-queue> current READY pending VOID_PENDING, desired next NULL
0:00:00.023939000 94994    0x14700e9e0 INFO              GST_STATES gstelement.c:2817:gst_element_continue_state:<snapshot-queue> completed state change to NULL
0:00:00.023941000 94994    0x14700e9e0 INFO              GST_STATES gstelement.c:2720:_priv_gst_element_state_changed:<snapshot-queue> notifying about state-changed READY to NULL (VOID_PENDING pending)
0:00:00.023943000 94994    0x14700e9e0 INFO              GST_STATES gstbin.c:2939:gst_bin_change_state_func:<[0] snapshot> child 'snapshot-queue' changed state to 1(NULL) successfully
0:00:00.023945000 94994    0x14700e9e0 INFO              GST_STATES gstelement.c:2817:gst_element_continue_state:<[0] snapshot> completed state change to NULL
0:00:00.023947000 94994    0x14700e9e0 INFO              GST_STATES gstelement.c:2720:_priv_gst_element_state_changed:<[0] snapshot> notifying about state-changed READY to NULL (VOID_PENDING pending)
0:00:00.023951000 94994    0x14700e9e0 INFO        GST_ELEMENT_PADS gstpad.c:2144:gst_pad_unlink: unlinking png-enc:src(0x151016160) and app-sink:sink(0x1510163b0)
0:00:00.023954000 94994    0x14700e9e0 INFO        GST_ELEMENT_PADS gstpad.c:2198:gst_pad_unlink: unlinked png-enc:src and app-sink:sink
0:00:00.023957000 94994    0x14700e9e0 INFO           GST_PARENTAGE gstbin.c:1806:gst_bin_remove_func:<[0] snapshot> removed child "app-sink"
0:00:00.023961000 94994    0x14700e9e0 INFO         GST_REFCOUNTING gstelement.c:3392:gst_element_dispose:<app-sink> 0x15101c470 dispose
0:00:00.023963000 94994    0x14700e9e0 INFO        GST_ELEMENT_PADS gstelement.c:876:gst_element_remove_pad:<app-sink> removing pad 'sink'
0:00:00.023966000 94994    0x14700e9e0 INFO         GST_REFCOUNTING gstelement.c:3439:gst_element_dispose:<app-sink> 0x15101c470 parent class dispose
0:00:00.023968000 94994    0x14700e9e0 INFO         GST_REFCOUNTING gstelement.c:3470:gst_element_finalize:<app-sink> 0x15101c470 finalize
0:00:00.023969000 94994    0x14700e9e0 INFO         GST_REFCOUNTING gstelement.c:3476:gst_element_finalize:<app-sink> 0x15101c470 finalize parent
0:00:00.023972000 94994    0x14700e9e0 INFO        GST_ELEMENT_PADS gstpad.c:2144:gst_pad_unlink: unlinking snapshot-queue:src(0x1479739c0) and png-enc:sink(0x147973c10)
0:00:00.023975000 94994    0x14700e9e0 INFO        GST_ELEMENT_PADS gstpad.c:2198:gst_pad_unlink: unlinked snapshot-queue:src and png-enc:sink
0:00:00.023977000 94994    0x14700e9e0 INFO           GST_PARENTAGE gstbin.c:1806:gst_bin_remove_func:<[0] snapshot> removed child "png-enc"
0:00:00.023979000 94994    0x14700e9e0 INFO         GST_REFCOUNTING gstelement.c:3392:gst_element_dispose:<png-enc> 0x147999590 dispose
0:00:00.023981000 94994    0x14700e9e0 INFO        GST_ELEMENT_PADS gstelement.c:876:gst_element_remove_pad:<png-enc> removing pad 'sink'
0:00:00.023983000 94994    0x14700e9e0 INFO        GST_ELEMENT_PADS gstelement.c:876:gst_element_remove_pad:<png-enc> removing pad 'src'
0:00:00.023985000 94994    0x14700e9e0 INFO         GST_REFCOUNTING gstelement.c:3439:gst_element_dispose:<png-enc> 0x147999590 parent class dispose
0:00:00.023987000 94994    0x14700e9e0 INFO         GST_REFCOUNTING gstelement.c:3470:gst_element_finalize:<png-enc> 0x147999590 finalize
0:00:00.023989000 94994    0x14700e9e0 INFO         GST_REFCOUNTING gstelement.c:3476:gst_element_finalize:<png-enc> 0x147999590 finalize parent
0:00:00.023992000 94994    0x14700e9e0 INFO        GST_ELEMENT_PADS gstpad.c:2144:gst_pad_unlink: unlinking sink:proxypad2(0x1479898a0) and snapshot-queue:sink(0x147973770)
0:00:00.023995000 94994    0x14700e9e0 INFO        GST_ELEMENT_PADS gstpad.c:2198:gst_pad_unlink: unlinked sink:proxypad2 and snapshot-queue:sink
0:00:00.023996000 94994    0x14700e9e0 INFO           GST_PARENTAGE gstbin.c:1806:gst_bin_remove_func:<[0] snapshot> removed child "snapshot-queue"
0:00:00.023998000 94994    0x14700e9e0 INFO         GST_REFCOUNTING gstelement.c:3392:gst_element_dispose:<snapshot-queue> 0x1510120d0 dispose
0:00:00.024000000 94994    0x14700e9e0 INFO        GST_ELEMENT_PADS gstelement.c:876:gst_element_remove_pad:<snapshot-queue> removing pad 'sink'
0:00:00.024013000 94994    0x14700e9e0 INFO        GST_ELEMENT_PADS gstelement.c:876:gst_element_remove_pad:<snapshot-queue> removing pad 'src'
0:00:00.024016000 94994    0x14700e9e0 INFO         GST_REFCOUNTING gstelement.c:3439:gst_element_dispose:<snapshot-queue> 0x1510120d0 parent class dispose
0:00:00.024018000 94994    0x14700e9e0 INFO         GST_REFCOUNTING gstelement.c:3470:gst_element_finalize:<snapshot-queue> 0x1510120d0 finalize
0:00:00.024019000 94994    0x14700e9e0 INFO         GST_REFCOUNTING gstelement.c:3476:gst_element_finalize:<snapshot-queue> 0x1510120d0 finalize parent
0:00:00.024021000 94994    0x14700e9e0 INFO         GST_REFCOUNTING gstelement.c:3392:gst_element_dispose:<[0] snapshot> 0x15100a130 dispose
0:00:00.024022000 94994    0x14700e9e0 INFO        GST_ELEMENT_PADS gstelement.c:876:gst_element_remove_pad:<[0] snapshot> removing pad 'sink'
0:00:00.024025000 94994    0x14700e9e0 INFO         GST_REFCOUNTING gstelement.c:3439:gst_element_dispose:<[0] snapshot> 0x15100a130 parent class dispose
0:00:00.024027000 94994    0x14700e9e0 INFO         GST_REFCOUNTING gstelement.c:3470:gst_element_finalize:<[0] snapshot> 0x15100a130 finalize
0:00:00.024028000 94994    0x14700e9e0 INFO         GST_REFCOUNTING gstelement.c:3476:gst_element_finalize:<[0] snapshot> 0x15100a130 finalize parent
2023-11-15T19:31:13.764627Z DEBUG gst_dynamic_sink: handling request request=Snapshot { resp: Sender { inner: Some(Inner { state: State { is_complete: false, is_closed: false, is_rx_task_set: true, is_tx_task_set: false } }) } }
0:00:01.024897000 94994    0x1508070c0 INFO     GST_ELEMENT_FACTORY gstelementfactory.c:489:gst_element_factory_create_with_properties: creating element "bin"
0:00:01.024980000 94994    0x1508070c0 INFO        GST_ELEMENT_PADS gstelement.c:759:gst_element_add_pad:<GstQueue@0x1510120d0> adding pad 'sink'
0:00:01.024986000 94994    0x1508070c0 INFO        GST_ELEMENT_PADS gstelement.c:759:gst_element_add_pad:<GstQueue@0x1510120d0> adding pad 'src'
0:00:01.025012000 94994    0x1508070c0 INFO        GST_ELEMENT_PADS gstelement.c:759:gst_element_add_pad:<GstVideoEncoder@0x147999590> adding pad 'sink'
0:00:01.025018000 94994    0x1508070c0 INFO        GST_ELEMENT_PADS gstelement.c:759:gst_element_add_pad:<GstVideoEncoder@0x147999590> adding pad 'src'
0:00:01.025037000 94994    0x1508070c0 INFO        GST_ELEMENT_PADS gstelement.c:759:gst_element_add_pad:<GstBaseSink@0x15101c470> adding pad 'sink'
0:00:01.025060000 94994    0x1508070c0 INFO        GST_ELEMENT_PADS gstutils.c:1821:gst_element_link_pads_full: trying to link element snapshot-queue:(any) to element png-enc:(any)
0:00:01.025064000 94994    0x1508070c0 INFO                GST_PADS gstutils.c:1081:gst_pad_check_link: trying to link snapshot-queue:src and png-enc:sink
0:00:01.025077000 94994    0x1508070c0 INFO                GST_PADS gstpad.c:4367:gst_pad_peer_query:<snapshot-queue:sink> pad has no peer
0:00:01.025081000 94994    0x1508070c0 INFO                GST_PADS gstpad.c:4367:gst_pad_peer_query:<png-enc:src> pad has no peer
0:00:01.025101000 94994    0x1508070c0 INFO                GST_PADS gstutils.c:1635:prepare_link_maybe_ghosting: snapshot-queue and png-enc in same bin, no need for ghost pads
0:00:01.025107000 94994    0x1508070c0 INFO                GST_PADS gstpad.c:2388:gst_pad_link_prepare: trying to link snapshot-queue:src and png-enc:sink
0:00:01.025110000 94994    0x1508070c0 INFO                GST_PADS gstpad.c:4367:gst_pad_peer_query:<snapshot-queue:sink> pad has no peer
0:00:01.025111000 94994    0x1508070c0 INFO                GST_PADS gstpad.c:4367:gst_pad_peer_query:<png-enc:src> pad has no peer
0:00:01.025116000 94994    0x1508070c0 INFO                GST_PADS gstpad.c:2596:gst_pad_link_full: linked snapshot-queue:src and png-enc:sink, successful
0:00:01.025118000 94994    0x1508070c0 INFO               GST_EVENT gstevent.c:1687:gst_event_new_reconfigure: creating reconfigure event
0:00:01.025121000 94994    0x1508070c0 INFO               GST_EVENT gstpad.c:5986:gst_pad_send_event_unchecked:<snapshot-queue:src> Received event on flushing pad. Discarding
0:00:01.025126000 94994    0x1508070c0 INFO        GST_ELEMENT_PADS gstutils.c:1821:gst_element_link_pads_full: trying to link element png-enc:(any) to element app-sink:(any)
0:00:01.025128000 94994    0x1508070c0 INFO                GST_PADS gstutils.c:1081:gst_pad_check_link: trying to link png-enc:src and app-sink:sink
0:00:01.025132000 94994    0x1508070c0 INFO                GST_PADS gstutils.c:1635:prepare_link_maybe_ghosting: png-enc and app-sink in same bin, no need for ghost pads
0:00:01.025134000 94994    0x1508070c0 INFO                GST_PADS gstpad.c:2388:gst_pad_link_prepare: trying to link png-enc:src and app-sink:sink
0:00:01.025137000 94994    0x1508070c0 INFO                GST_PADS gstpad.c:2596:gst_pad_link_full: linked png-enc:src and app-sink:sink, successful
0:00:01.025138000 94994    0x1508070c0 INFO               GST_EVENT gstevent.c:1687:gst_event_new_reconfigure: creating reconfigure event
0:00:01.025139000 94994    0x1508070c0 INFO               GST_EVENT gstpad.c:5986:gst_pad_send_event_unchecked:<png-enc:src> Received event on flushing pad. Discarding
0:00:01.025142000 94994    0x1508070c0 INFO        GST_ELEMENT_PADS gstelement.c:1017:gst_element_get_static_pad: found pad snapshot-queue:sink
0:00:01.025162000 94994    0x1508070c0 INFO                GST_PADS gstpad.c:2388:gst_pad_link_prepare: trying to link ghostpad1:proxypad3 and snapshot-queue:sink
0:00:01.025163000 94994    0x1508070c0 INFO                GST_PADS gstpad.c:2596:gst_pad_link_full: linked ghostpad1:proxypad3 and snapshot-queue:sink, successful
0:00:01.025165000 94994    0x1508070c0 INFO               GST_EVENT gstevent.c:1687:gst_event_new_reconfigure: creating reconfigure event
0:00:01.025170000 94994    0x1508070c0 INFO        GST_ELEMENT_PADS gstelement.c:759:gst_element_add_pad:<[1] snapshot> adding pad 'sink'
2023-11-15T19:31:13.764943Z  INFO gst_dynamic_sink: taking snapshot consumer="[1] snapshot"
0:00:01.025197000 94994    0x1508070c0 INFO        GST_ELEMENT_PADS gstelement.c:759:gst_element_add_pad:<raw-tee> adding pad 'src_1'
0:00:01.025199000 94994    0x1508070c0 INFO        GST_ELEMENT_PADS gstelement.c:1017:gst_element_get_static_pad: found pad [1] snapshot:sink
0:00:01.025201000 94994    0x1508070c0 INFO              GST_STATES gstbin.c:2070:gst_bin_get_state_func:<pipeline0> getting state
2023-11-15T19:31:13.764971Z DEBUG gst_dynamic_sink: linking bin to tee pipeline="pipeline0" pipeline_state=(Ok(Success), Playing, VoidPending) tee="raw-tee" bin="[1] snapshot" src_pad="src_1" sink_pad="sink"
0:00:01.025212000 94994    0x1508070c0 INFO                GST_PADS gstpad.c:2388:gst_pad_link_prepare: trying to link raw-tee:src_1 and [1] snapshot:sink
0:00:01.025265000 94994    0x1508070c0 INFO                GST_PADS gstpad.c:2596:gst_pad_link_full: linked raw-tee:src_1 and [1] snapshot:sink, successful
0:00:01.025266000 94994    0x1508070c0 INFO               GST_EVENT gstevent.c:1687:gst_event_new_reconfigure: creating reconfigure event
0:00:01.025278000 94994    0x1508070c0 INFO              GST_STATES gstbin.c:2484:gst_bin_element_set_state:<app-sink> current NULL pending VOID_PENDING, desired next READY
0:00:01.025281000 94994    0x1508070c0 INFO              GST_STATES gstelement.c:2817:gst_element_continue_state:<app-sink> completed state change to READY
0:00:01.025283000 94994    0x1508070c0 INFO              GST_STATES gstelement.c:2720:_priv_gst_element_state_changed:<app-sink> notifying about state-changed NULL to READY (VOID_PENDING pending)
0:00:01.025287000 94994    0x1508070c0 INFO              GST_STATES gstbin.c:2939:gst_bin_change_state_func:<[1] snapshot> child 'app-sink' changed state to 2(READY) successfully
0:00:01.025289000 94994    0x1508070c0 INFO              GST_STATES gstbin.c:2484:gst_bin_element_set_state:<png-enc> current NULL pending VOID_PENDING, desired next READY
0:00:01.025291000 94994    0x1508070c0 INFO              GST_STATES gstelement.c:2817:gst_element_continue_state:<png-enc> completed state change to READY
0:00:01.025293000 94994    0x1508070c0 INFO              GST_STATES gstelement.c:2720:_priv_gst_element_state_changed:<png-enc> notifying about state-changed NULL to READY (VOID_PENDING pending)
0:00:01.025295000 94994    0x1508070c0 INFO              GST_STATES gstbin.c:2939:gst_bin_change_state_func:<[1] snapshot> child 'png-enc' changed state to 2(READY) successfully
0:00:01.025297000 94994    0x1508070c0 INFO              GST_STATES gstbin.c:2484:gst_bin_element_set_state:<snapshot-queue> current NULL pending VOID_PENDING, desired next READY
0:00:01.025298000 94994    0x1508070c0 INFO              GST_STATES gstelement.c:2817:gst_element_continue_state:<snapshot-queue> completed state change to READY
0:00:01.025300000 94994    0x1508070c0 INFO              GST_STATES gstelement.c:2720:_priv_gst_element_state_changed:<snapshot-queue> notifying about state-changed NULL to READY (VOID_PENDING pending)
0:00:01.025301000 94994    0x1508070c0 INFO              GST_STATES gstbin.c:2939:gst_bin_change_state_func:<[1] snapshot> child 'snapshot-queue' changed state to 2(READY) successfully
0:00:01.025304000 94994    0x1508070c0 INFO              GST_STATES gstelement.c:2792:gst_element_continue_state:<[1] snapshot> committing state from NULL to READY, pending PLAYING, next PAUSED
0:00:01.025305000 94994    0x1508070c0 INFO              GST_STATES gstelement.c:2720:_priv_gst_element_state_changed:<[1] snapshot> notifying about state-changed NULL to READY (PLAYING pending)
0:00:01.025311000 94994    0x1508070c0 INFO              GST_STATES gstelement.c:2799:gst_element_continue_state:<[1] snapshot> continue state change READY to PAUSED, final PLAYING
0:00:01.025314000 94994    0x1508070c0 INFO              GST_STATES gstbin.c:2484:gst_bin_element_set_state:<app-sink> current READY pending VOID_PENDING, desired next PAUSED
0:00:01.025317000 94994    0x1508070c0 INFO              GST_STATES gstelement.c:2817:gst_element_continue_state:<app-sink> completed state change to PAUSED
0:00:01.025319000 94994    0x1508070c0 INFO              GST_STATES gstelement.c:2720:_priv_gst_element_state_changed:<app-sink> notifying about state-changed READY to PAUSED (VOID_PENDING pending)
0:00:01.025321000 94994    0x1508070c0 INFO              GST_STATES gstbin.c:2939:gst_bin_change_state_func:<[1] snapshot> child 'app-sink' changed state to 3(PAUSED) successfully
0:00:01.025323000 94994    0x1508070c0 INFO              GST_STATES gstbin.c:2484:gst_bin_element_set_state:<png-enc> current READY pending VOID_PENDING, desired next PAUSED
0:00:01.025324000 94994    0x14700e980 INFO           basetransform gstbasetransform.c:1326:gst_base_transform_setcaps:<capsfilter0> reuse caps
0:00:01.025325000 94994    0x1508070c0 INFO              GST_STATES gstelement.c:2817:gst_element_continue_state:<png-enc> completed state change to PAUSED
0:00:01.025335000 94994    0x14700e980 INFO           basetransform gstbasetransform.c:1326:gst_base_transform_setcaps:<identity0> reuse caps
0:00:01.025335000 94994    0x1508070c0 INFO              GST_STATES gstelement.c:2720:_priv_gst_element_state_changed:<png-enc> notifying about state-changed READY to PAUSED (VOID_PENDING pending)
0:00:01.025340000 94994    0x14700e980 INFO               GST_EVENT gstpad.c:5986:gst_pad_send_event_unchecked:<[1] snapshot:sink> Received event on flushing pad. Discarding
0:00:01.025341000 94994    0x1508070c0 INFO              GST_STATES gstbin.c:2939:gst_bin_change_state_func:<[1] snapshot> child 'png-enc' changed state to 3(PAUSED) successfully
0:00:01.025344000 94994    0x1508070c0 INFO              GST_STATES gstbin.c:2484:gst_bin_element_set_state:<snapshot-queue> current READY pending VOID_PENDING, desired next PAUSED
0:00:01.025344000 94994    0x14700e980 INFO                 basesrc gstbasesrc.c:3043:gst_base_src_loop:<source> pausing after gst_pad_push() = flushing
0:00:01.025353000 94994    0x14700e980 INFO                    task gsttask.c:368:gst_task_func:<source:src> Task going to paused
0:00:01.025354000 94994    0x1508070c0 INFO                    task gsttask.c:516:gst_task_set_lock: setting stream lock 0x1479737e0 on task 0x152019950
0:00:01.025357000 94994    0x1508070c0 INFO                GST_PADS gstpad.c:6331:gst_pad_start_task:<snapshot-queue:src> created task 0x152019950
0:00:01.025363000 94994    0x1508070c0 INFO              GST_STATES gstelement.c:2817:gst_element_continue_state:<snapshot-queue> completed state change to PAUSED
0:00:01.025365000 94994    0x1508070c0 INFO              GST_STATES gstelement.c:2720:_priv_gst_element_state_changed:<snapshot-queue> notifying about state-changed READY to PAUSED (VOID_PENDING pending)
0:00:01.025367000 94994    0x1508070c0 INFO              GST_STATES gstbin.c:2939:gst_bin_change_state_func:<[1] snapshot> child 'snapshot-queue' changed state to 3(PAUSED) successfully
0:00:01.025372000 94994    0x1508070c0 INFO              GST_STATES gstelement.c:2792:gst_element_continue_state:<[1] snapshot> committing state from READY to PAUSED, pending PLAYING, next PLAYING
0:00:01.025374000 94994    0x1508070c0 INFO              GST_STATES gstelement.c:2720:_priv_gst_element_state_changed:<[1] snapshot> notifying about state-changed READY to PAUSED (PLAYING pending)
0:00:01.025376000 94994    0x1508070c0 INFO              GST_STATES gstelement.c:2799:gst_element_continue_state:<[1] snapshot> continue state change PAUSED to PLAYING, final PLAYING
0:00:01.025379000 94994    0x1508070c0 INFO              GST_STATES gstbin.c:2484:gst_bin_element_set_state:<app-sink> current PAUSED pending VOID_PENDING, desired next PLAYING
0:00:01.025381000 94994    0x1508070c0 INFO              GST_STATES gstelement.c:2817:gst_element_continue_state:<app-sink> completed state change to PLAYING
0:00:01.025383000 94994    0x1508070c0 INFO              GST_STATES gstelement.c:2720:_priv_gst_element_state_changed:<app-sink> notifying about state-changed PAUSED to PLAYING (VOID_PENDING pending)
0:00:01.025385000 94994    0x1508070c0 INFO              GST_STATES gstbin.c:2939:gst_bin_change_state_func:<[1] snapshot> child 'app-sink' changed state to 4(PLAYING) successfully
0:00:01.025387000 94994    0x1508070c0 INFO              GST_STATES gstbin.c:2484:gst_bin_element_set_state:<png-enc> current PAUSED pending VOID_PENDING, desired next PLAYING
0:00:01.025389000 94994    0x1508070c0 INFO              GST_STATES gstelement.c:2817:gst_element_continue_state:<png-enc> completed state change to PLAYING
0:00:01.025391000 94994    0x1508070c0 INFO              GST_STATES gstelement.c:2720:_priv_gst_element_state_changed:<png-enc> notifying about state-changed PAUSED to PLAYING (VOID_PENDING pending)
0:00:01.025394000 94994    0x1508070c0 INFO              GST_STATES gstbin.c:2939:gst_bin_change_state_func:<[1] snapshot> child 'png-enc' changed state to 4(PLAYING) successfully
0:00:01.025396000 94994    0x1508070c0 INFO              GST_STATES gstbin.c:2484:gst_bin_element_set_state:<snapshot-queue> current PAUSED pending VOID_PENDING, desired next PLAYING
0:00:01.025397000 94994    0x1508070c0 INFO              GST_STATES gstelement.c:2817:gst_element_continue_state:<snapshot-queue> completed state change to PLAYING
0:00:01.025399000 94994    0x1508070c0 INFO              GST_STATES gstelement.c:2720:_priv_gst_element_state_changed:<snapshot-queue> notifying about state-changed PAUSED to PLAYING (VOID_PENDING pending)
0:00:01.025401000 94994    0x1508070c0 INFO              GST_STATES gstbin.c:2939:gst_bin_change_state_func:<[1] snapshot> child 'snapshot-queue' changed state to 4(PLAYING) successfully
0:00:01.025403000 94994    0x1508070c0 INFO              GST_STATES gstelement.c:2817:gst_element_continue_state:<[1] snapshot> completed state change to PLAYING
0:00:01.025405000 94994    0x1508070c0 INFO              GST_STATES gstelement.c:2720:_priv_gst_element_state_changed:<[1] snapshot> notifying about state-changed PAUSED to PLAYING (VOID_PENDING pending)
0:00:01.025413000 94994    0x1508070c0 INFO              GST_STATES gstbin.c:2070:gst_bin_get_state_func:<pipeline0> getting state
2023-11-15T19:31:13.765186Z  WARN gst_dynamic_sink: source task is not started task_state=Paused
2023-11-15T19:31:13.765190Z DEBUG gst_dynamic_sink: state changed src="app-sink" old=Null current=Ready
0:00:01.025424000 94994    0x1508070c0 INFO              GST_STATES gstbin.c:2070:gst_bin_get_state_func:<pipeline0> getting state
2023-11-15T19:31:13.765193Z  WARN gst_dynamic_sink: source task is not started task_state=Paused
2023-11-15T19:31:13.765194Z DEBUG gst_dynamic_sink: state changed src="png-enc" old=Null current=Ready
0:00:01.025428000 94994    0x1508070c0 INFO              GST_STATES gstbin.c:2070:gst_bin_get_state_func:<pipeline0> getting state
2023-11-15T19:31:13.765197Z  WARN gst_dynamic_sink: source task is not started task_state=Paused
2023-11-15T19:31:13.765198Z DEBUG gst_dynamic_sink: state changed src="snapshot-queue" old=Null current=Ready
0:00:01.025432000 94994    0x1508070c0 INFO              GST_STATES gstbin.c:2070:gst_bin_get_state_func:<pipeline0> getting state
2023-11-15T19:31:13.765201Z  WARN gst_dynamic_sink: source task is not started task_state=Paused
2023-11-15T19:31:13.765202Z DEBUG gst_dynamic_sink: state changed src="[1] snapshot" old=Null current=Ready pending=Playing
0:00:01.025435000 94994    0x1508070c0 INFO              GST_STATES gstbin.c:2070:gst_bin_get_state_func:<pipeline0> getting state
2023-11-15T19:31:13.765204Z  WARN gst_dynamic_sink: source task is not started task_state=Paused
2023-11-15T19:31:13.765205Z DEBUG gst_dynamic_sink: recalculating latency element="app-sink"
0:00:01.025439000 94994    0x1508070c0 INFO              GST_STATES gstbin.c:2070:gst_bin_get_state_func:<pipeline0> getting state
2023-11-15T19:31:13.765207Z  WARN gst_dynamic_sink: source task is not started task_state=Paused
2023-11-15T19:31:13.765209Z DEBUG gst_dynamic_sink: state changed src="app-sink" old=Ready current=Paused
0:00:01.025442000 94994    0x1508070c0 INFO              GST_STATES gstbin.c:2070:gst_bin_get_state_func:<pipeline0> getting state
2023-11-15T19:31:13.765211Z  WARN gst_dynamic_sink: source task is not started task_state=Paused
2023-11-15T19:31:13.765212Z DEBUG gst_dynamic_sink: state changed src="png-enc" old=Ready current=Paused
0:00:01.025446000 94994    0x1508070c0 INFO              GST_STATES gstbin.c:2070:gst_bin_get_state_func:<pipeline0> getting state
2023-11-15T19:31:13.765215Z  WARN gst_dynamic_sink: source task is not started task_state=Paused
2023-11-15T19:31:13.765216Z DEBUG gst_dynamic_sink: StreamStatus(StreamStatus { structure: Some(GstMessageStreamStatus { type: (GstStreamStatusType) ((GstStreamStatusType) GST_STREAM_STATUS_TYPE_CREATE), owner: (GstElement) (GstQueue) snapshot-queue, object: (GstTask) (GstTask) snapshot-queue:src }), source: Some((Object { inner: TypedObjectRef { inner: 0x147973770, type: GstPad } }, "src")), status: Some((GstTask) (GstTask) snapshot-queue:src) })
0:00:01.025464000 94994    0x1508070c0 INFO              GST_STATES gstbin.c:2070:gst_bin_get_state_func:<pipeline0> getting state
2023-11-15T19:31:13.765233Z  WARN gst_dynamic_sink: source task is not started task_state=Paused
2023-11-15T19:31:13.765234Z DEBUG gst_dynamic_sink: state changed src="snapshot-queue" old=Ready current=Paused
0:00:01.025467000 94994    0x1508070c0 INFO              GST_STATES gstbin.c:2070:gst_bin_get_state_func:<pipeline0> getting state
2023-11-15T19:31:13.765236Z  WARN gst_dynamic_sink: source task is not started task_state=Paused
2023-11-15T19:31:13.765237Z DEBUG gst_dynamic_sink: StreamStatus(StreamStatus { structure: Some(GstMessageStreamStatus { type: (GstStreamStatusType) ((GstStreamStatusType) GST_STREAM_STATUS_TYPE_ENTER), owner: (GstElement) (GstQueue) snapshot-queue, object: (GstTask) (GstTask) snapshot-queue:src }), source: Some((Object { inner: TypedObjectRef { inner: 0x147973770, type: GstPad } }, "src")), status: Some((GstTask) (GstTask) snapshot-queue:src) })
0:00:01.025473000 94994    0x1508070c0 INFO              GST_STATES gstbin.c:2070:gst_bin_get_state_func:<pipeline0> getting state
2023-11-15T19:31:13.765242Z  WARN gst_dynamic_sink: source task is not started task_state=Paused
2023-11-15T19:31:13.765243Z DEBUG gst_dynamic_sink: state changed src="[1] snapshot" old=Ready current=Paused pending=Playing
0:00:01.025477000 94994    0x1508070c0 INFO              GST_STATES gstbin.c:2070:gst_bin_get_state_func:<pipeline0> getting state
2023-11-15T19:31:13.765246Z  WARN gst_dynamic_sink: source task is not started task_state=Paused
2023-11-15T19:31:13.765247Z DEBUG gst_dynamic_sink: state changed src="app-sink" old=Paused current=Playing
0:00:01.025480000 94994    0x1508070c0 INFO              GST_STATES gstbin.c:2070:gst_bin_get_state_func:<pipeline0> getting state
2023-11-15T19:31:13.765249Z  WARN gst_dynamic_sink: source task is not started task_state=Paused
2023-11-15T19:31:13.765250Z DEBUG gst_dynamic_sink: state changed src="png-enc" old=Paused current=Playing
0:00:01.025484000 94994    0x1508070c0 INFO              GST_STATES gstbin.c:2070:gst_bin_get_state_func:<pipeline0> getting state
2023-11-15T19:31:13.765253Z  WARN gst_dynamic_sink: source task is not started task_state=Paused
2023-11-15T19:31:13.765254Z DEBUG gst_dynamic_sink: state changed src="snapshot-queue" old=Paused current=Playing
0:00:01.025487000 94994    0x1508070c0 INFO              GST_STATES gstbin.c:2070:gst_bin_get_state_func:<pipeline0> getting state
2023-11-15T19:31:13.765256Z  WARN gst_dynamic_sink: source task is not started task_state=Paused
2023-11-15T19:31:13.765257Z DEBUG gst_dynamic_sink: state changed src="[1] snapshot" old=Paused current=Playing
0:00:01.025491000 94994    0x1508070c0 INFO              GST_STATES gstbin.c:2070:gst_bin_get_state_func:<pipeline0> getting state
2023-11-15T19:31:13.765260Z  WARN gst_dynamic_sink: source task is not started task_state=Paused
